#-----------------------------------------------------------
# PlanAhead v14.3 (64-bit)
# Build 209282 by xbuild on Thu Oct 18 20:50:53 MDT 2012
# Start of session at: Thu Jun 11 13:17:25 2015
# Process ID: 10172
# Log file: C:/FistState/Projects/FIFObuffer/fifo4/planAhead_run_2/planAhead.log
# Journal file: C:/FistState/Projects/FIFObuffer/fifo4/planAhead_run_2/planAhead.jou
#-----------------------------------------------------------
INFO: [Common 17-78] Attempting to get a license: PlanAhead
INFO: [Common 17-290] Got license for PlanAhead
INFO: [Device 21-36] Loading parts and site information from C:/Xilinx/14.3/ISE_DS/PlanAhead/data/parts/arch.xml
Parsing RTL primitives file [C:/Xilinx/14.3/ISE_DS/PlanAhead/data/parts/xilinx/rtl/prims/rtl_prims.xml]
Finished parsing RTL primitives file [C:/Xilinx/14.3/ISE_DS/PlanAhead/data/parts/xilinx/rtl/prims/rtl_prims.xml]
start_gui
source C:/FistState/Projects/FIFObuffer/fifo4/pa.fromNcd.tcl
# create_project -name fifo4 -dir "C:/FistState/Projects/FIFObuffer/fifo4/planAhead_run_3" -part xc3s200ft256-4
create_project: Time (s): elapsed = 00:00:08 . Memory (MB): peak = 389.836 ; gain = 60.633
ERROR: [Common 17-344] 'source' was cancelled
exit
INFO: [Common 17-206] Exiting PlanAhead at Thu Jun 11 13:18:14 2015...
INFO: [Common 17-83] Releasing license: PlanAhead
