#:C0     
#Xilinx FPGA Editor Command Log File
#Editor Version:
#:V   NT M2.1 P.40xd
#Current Working Directory:
#:D   C:\FistState\Projects\FIFObuffer\fifo4
#Date/Time:
#:T   Thu Jun 11 13:16:40 2015
#------------------------------
	#Reading fifo.ncd...
	#Loading device for application Rf_Device from file '3s200.nph' in environment C:\Xilinx\14.3\ISE_DS\ISE\.
	#   "fifo" is an NCD, version 3.2, device xc3s200, package ft256, speed -4
	#Design creation date: 2015.06.11.11.15.55
	#Building chip graphics...
	#Loading speed info...
	#1
setattr main edit-mode no-logic-changes
	#2
select -k comp 'empty'
	#3
unselect comp 'empty'
	#4
select -k comp 'emptyled'
