ISim log file
Running: C:\FistState\Projects\FIFObuffer\fifobuffer\tfifo_isim_beh.exe -intstyle ise -gui -tclbatch isim.cmd -wdb C:/FistState/Projects/FIFObuffer/fifobuffer/tfifo_isim_beh.wdb 
ISim P.40xd (signature 0x7708f090)
WARNING: A WEBPACK license was found.
WARNING: Please use Xilinx License Configuration Manager to check out a full ISim license.
WARNING: ISim will run in Lite mode. Please refer to the ISim documentation for more information on the differences between the Lite and the Full version.
This is a Lite version of ISim.
WARNING: File "C:/FistState/Projects/FIFObuffer/fifobuffer/fifo.v" Line 31.  For instance unit1/unit_1/, width 2 of formal port w_addr is not equal to width 3 of actual variable w_addr. 
WARNING: File "C:/FistState/Projects/FIFObuffer/fifobuffer/fifo.v" Line 32.  For instance unit1/unit_1/, width 2 of formal port r_addr is not equal to width 3 of actual variable r_addr. 
Time resolution is 1 ps
# onerror resume
# wave add /
# run 1000 ns
Simulator is doing circuit initialization process.
                   0 << Starting the Simulation >> 
Finished circuit initialization process.
# run all
Stopped at time : 24497010 ns : File "C:/FistState/Projects/FIFObuffer/fifobuffer/fifo.v" Line 49
# restart
# step
Simulator is doing circuit initialization process.
Stopped at time : 0 fs : File "C:/FistState/Projects/FIFObuffer/fifobuffer/fifo.v" Line 49
# step
Stopped at time : 0 fs : File "C:/FistState/Projects/FIFObuffer/fifobuffer/fifo.v" Line 179
# step
Stopped at time : 0 fs : File "C:/FistState/Projects/deBounce/DeBounce_v.v" Line 25
# step
Stopped at time : 0 fs : File "C:/FistState/Projects/deBounce/DeBounce_v.v" Line 38
# step
Stopped at time : 0 fs : File "C:/FistState/Projects/deBounce/DeBounce_v.v" Line 55
# step
Stopped at time : 0 fs : File "C:/FistState/Projects/deBounce/DeBounce_v.v" Line 25
# step
Stopped at time : 0 fs : File "C:/FistState/Projects/deBounce/DeBounce_v.v" Line 38
# step
Stopped at time : 0 fs : File "C:/FistState/Projects/deBounce/DeBounce_v.v" Line 55
# step
Stopped at time : 0 fs : File "C:/FistState/Projects/FIFObuffer/reg_file.v" Line 20
# step
Stopped at time : 0 fs : File "C:/FistState/Projects/SevenSegments/disp_muxcontrol.v" Line 21
# step
Stopped at time : 0 fs : File "C:/FistState/Projects/SevenSegments/module_hex_to_sseg.v" Line 9
# step
Stopped at time : 0 fs : File "C:/FistState/Projects/FIFObuffer/fifobuffer/fifo.v" Line 47
# step
Stopped at time : 0 fs : File "C:/FistState/Projects/FIFObuffer/fifobuffer/fifo.v" Line 175
# step
Stopped at time : 0 fs : File "C:/FistState/Projects/FIFObuffer/fifobuffer/fifo.v" Line 190
# step
Stopped at time : 0 fs : File "C:/FistState/Projects/FIFObuffer/fifobuffer/fifo.v" Line 191
# step
Stopped at time : 0 fs : File "C:/FistState/Projects/FIFObuffer/fifobuffer/fifo.v" Line 192
# step
Stopped at time : 0 fs : File "C:/FistState/Projects/deBounce/DeBounce_v.v" Line 21
# step
Stopped at time : 0 fs : File "C:/FistState/Projects/deBounce/DeBounce_v.v" Line 22
# step
Stopped at time : 0 fs : File "C:/FistState/Projects/deBounce/DeBounce_v.v" Line 21
# step
Stopped at time : 0 fs : File "C:/FistState/Projects/deBounce/DeBounce_v.v" Line 22
# step
Stopped at time : 0 fs : File "C:/FistState/Projects/FIFObuffer/reg_file.v" Line 30
# step
Stopped at time : 0 fs : File "C:/FistState/Projects/SevenSegments/disp_muxcontrol.v" Line 28
# step
Stopped at time : 0 fs : File "C:/FistState/Projects/SevenSegments/disp_muxcontrol.v" Line 30
# step
Stopped at time : 0 fs : File "C:/FistState/Projects/SevenSegments/disp_muxcontrol.v" Line 47
# step
Stopped at time : 0 fs : File "C:/FistState/Projects/Sevensegment2/EnableDigit.v" Line 18
# step
Stopped at time : 0 fs : File "C:/Xilinx/14.3/ISE_DS/ISE/verilog/src/glbl.v" Line 16
# step
Stopped at time : 0 fs : File "C:/Xilinx/14.3/ISE_DS/ISE/verilog/src/glbl.v" Line 48
# step
Stopped at time : 0 fs : File "C:/Xilinx/14.3/ISE_DS/ISE/verilog/src/glbl.v" Line 49
# step
Stopped at time : 0 fs : File "C:/Xilinx/14.3/ISE_DS/ISE/verilog/src/glbl.v" Line 50
# step
Stopped at time : 0 fs : File "C:/FistState/Projects/FIFObuffer/fifobuffer/tfifo.v" Line 25
# step
Stopped at time : 0 fs : File "C:/FistState/Projects/FIFObuffer/fifobuffer/tfifo.v" Line 26
# step
                   0 << Starting the Simulation >> 
Stopped at time : 0 fs : File "C:/FistState/Projects/FIFObuffer/fifobuffer/tfifo.v" Line 27
# step
Stopped at time : 0 fs : File "C:/FistState/Projects/FIFObuffer/fifobuffer/tfifo.v" Line 28
# step
Stopped at time : 0 fs : File "C:/FistState/Projects/FIFObuffer/fifobuffer/tfifo.v" Line 29
# step
Stopped at time : 0 fs : File "C:/FistState/Projects/FIFObuffer/fifobuffer/tfifo.v" Line 35
# step
Stopped at time : 0 fs : File "C:/FistState/Projects/FIFObuffer/fifobuffer/tfifo.v" Line 39
# step
Stopped at time : 0 fs : File "C:/FistState/Projects/FIFObuffer/fifobuffer/tfifo.v" Line 139
# step
Stopped at time : 0 fs : File "C:/FistState/Projects/FIFObuffer/fifobuffer/tfifo.v" Line 140
# step
Stopped at time : 0 fs : File "C:/Xilinx/14.3/ISE_DS/ISE/verilog/src/glbl.v" Line 52
# step
Stopped at time : 0 fs : File "C:/Xilinx/14.3/ISE_DS/ISE/verilog/src/glbl.v" Line 53
# step
Stopped at time : 0 fs : File "C:/Xilinx/14.3/ISE_DS/ISE/verilog/src/glbl.v" Line 54
# step
Stopped at time : 0 fs : File "C:/Xilinx/14.3/ISE_DS/ISE/verilog/src/glbl.v" Line 55
# step
Stopped at time : 0 fs : File "C:/Xilinx/14.3/ISE_DS/ISE/verilog/src/glbl.v" Line 60
# step
Stopped at time : 0 fs : File "C:/Xilinx/14.3/ISE_DS/ISE/verilog/src/glbl.v" Line 61
# step
Stopped at time : 0 fs : File "C:/Xilinx/14.3/ISE_DS/ISE/verilog/src/glbl.v" Line 62
# step
Stopped at time : 0 fs : File "C:/FistState/Projects/SevenSegments/module_hex_to_sseg.v" Line 10
# step
Stopped at time : 0 fs : File "C:/FistState/Projects/SevenSegments/module_hex_to_sseg.v" Line 11
# step
Stopped at time : 0 fs : File "C:/FistState/Projects/SevenSegments/module_hex_to_sseg.v" Line 29
# step
Stopped at time : 0 fs : File "C:/FistState/Projects/SevenSegments/module_hex_to_sseg.v" Line 31
# step
Stopped at time : 0 fs : File "C:/FistState/Projects/SevenSegments/module_hex_to_sseg.v" Line 9
# step
Stopped at time : 0 fs : File "C:/Xilinx/14.3/ISE_DS/ISE/verilog/src/glbl.v" Line 16
# step
Stopped at time : 0 fs : File "C:/FistState/Projects/FIFObuffer/fifobuffer/fifo.v" Line 192
# step
Stopped at time : 0 fs : File "C:/Xilinx/14.3/ISE_DS/ISE/verilog/src/glbl.v" Line 48
# step
Stopped at time : 0 fs : File "C:/Xilinx/14.3/ISE_DS/ISE/verilog/src/glbl.v" Line 50
# step
Stopped at time : 0 fs : File "C:/Xilinx/14.3/ISE_DS/ISE/verilog/src/glbl.v" Line 49
# step
Stopped at time : 0 fs : File "C:/FistState/Projects/SevenSegments/disp_muxcontrol.v" Line 47
# step
Stopped at time : 0 fs : File "C:/FistState/Projects/SevenSegments/disp_muxcontrol.v" Line 22
# step
Stopped at time : 0 fs : File "C:/FistState/Projects/SevenSegments/disp_muxcontrol.v" Line 23
# step
Stopped at time : 0 fs : File "C:/FistState/Projects/SevenSegments/disp_muxcontrol.v" Line 21
# step
Finished circuit initialization process.
Stopped at time : 0 fs : File "C:/Xilinx/14.3/ISE_DS/ISE/verilog/src/glbl.v" Line 63
# step
Stopped at time : 0 fs : File "C:/Xilinx/14.3/ISE_DS/ISE/verilog/src/glbl.v" Line 49
# step
Stopped at time : 0 fs : File "C:/FistState/Projects/SevenSegments/disp_muxcontrol.v" Line 28
# step
Stopped at time : 0 fs : File "C:/FistState/Projects/SevenSegments/disp_muxcontrol.v" Line 30
# step
Stopped at time : 0 fs : File "C:/FistState/Projects/SevenSegments/disp_muxcontrol.v" Line 47
# step
Stopped at time : 0 fs : File "C:/FistState/Projects/Sevensegment2/EnableDigit.v" Line 18
# step
Stopped at time : 10 ns : File "C:/FistState/Projects/FIFObuffer/fifobuffer/tfifo.v" Line 35
# step
Stopped at time : 10 ns : File "C:/FistState/Projects/FIFObuffer/fifobuffer/tfifo.v" Line 35
# step
Stopped at time : 10 ns : File "C:/FistState/Projects/FIFObuffer/fifobuffer/fifo.v" Line 49
# step
Stopped at time : 10 ns : File "C:/FistState/Projects/FIFObuffer/fifobuffer/fifo.v" Line 50
# step
Stopped at time : 10 ns : File "C:/FistState/Projects/FIFObuffer/fifobuffer/fifo.v" Line 50
# step
Stopped at time : 10 ns : File "C:/FistState/Projects/FIFObuffer/fifobuffer/fifo.v" Line 51
# step
Stopped at time : 10 ns : File "C:/FistState/Projects/FIFObuffer/fifobuffer/fifo.v" Line 52
# step
Stopped at time : 10 ns : File "C:/FistState/Projects/FIFObuffer/fifobuffer/fifo.v" Line 56
# step
Stopped at time : 10 ns : File "C:/FistState/Projects/FIFObuffer/fifobuffer/fifo.v" Line 152
# step
Stopped at time : 10 ns : File "C:/FistState/Projects/FIFObuffer/fifobuffer/fifo.v" Line 49
# step
Stopped at time : 10 ns : File "C:/FistState/Projects/deBounce/DeBounce_v.v" Line 39
# step
Stopped at time : 10 ns : File "C:/FistState/Projects/deBounce/DeBounce_v.v" Line 40
# step
Stopped at time : 10 ns : File "C:/FistState/Projects/deBounce/DeBounce_v.v" Line 41
# step
Stopped at time : 10 ns : File "C:/FistState/Projects/deBounce/DeBounce_v.v" Line 42
# step
Stopped at time : 10 ns : File "C:/FistState/Projects/deBounce/DeBounce_v.v" Line 43
# step
Stopped at time : 10 ns : File "C:/FistState/Projects/deBounce/DeBounce_v.v" Line 44
# step
Stopped at time : 10 ns : File "C:/FistState/Projects/deBounce/DeBounce_v.v" Line 38
# step
Stopped at time : 10 ns : File "C:/FistState/Projects/deBounce/DeBounce_v.v" Line 56
# step
Stopped at time : 10 ns : File "C:/FistState/Projects/deBounce/DeBounce_v.v" Line 57
# step
Stopped at time : 10 ns : File "C:/FistState/Projects/deBounce/DeBounce_v.v" Line 60
# step
Stopped at time : 10 ns : File "C:/FistState/Projects/deBounce/DeBounce_v.v" Line 55
# step
Stopped at time : 10 ns : File "C:/FistState/Projects/deBounce/DeBounce_v.v" Line 39
# step
Stopped at time : 10 ns : File "C:/FistState/Projects/deBounce/DeBounce_v.v" Line 40
# step
Stopped at time : 10 ns : File "C:/FistState/Projects/deBounce/DeBounce_v.v" Line 41
# step
Stopped at time : 10 ns : File "C:/FistState/Projects/deBounce/DeBounce_v.v" Line 42
# step
Stopped at time : 10 ns : File "C:/FistState/Projects/deBounce/DeBounce_v.v" Line 43
# step
Stopped at time : 10 ns : File "C:/FistState/Projects/deBounce/DeBounce_v.v" Line 44
# step
Stopped at time : 10 ns : File "C:/FistState/Projects/deBounce/DeBounce_v.v" Line 38
# step
Stopped at time : 10 ns : File "C:/FistState/Projects/deBounce/DeBounce_v.v" Line 56
# step
Stopped at time : 10 ns : File "C:/FistState/Projects/deBounce/DeBounce_v.v" Line 57
# step
Stopped at time : 10 ns : File "C:/FistState/Projects/deBounce/DeBounce_v.v" Line 60
# step
Stopped at time : 10 ns : File "C:/FistState/Projects/deBounce/DeBounce_v.v" Line 55
# step
Stopped at time : 10 ns : File "C:/FistState/Projects/SevenSegments/disp_muxcontrol.v" Line 22
# step
Stopped at time : 10 ns : File "C:/FistState/Projects/SevenSegments/disp_muxcontrol.v" Line 23
# step
Stopped at time : 10 ns : File "C:/FistState/Projects/SevenSegments/disp_muxcontrol.v" Line 21
# step
Stopped at time : 10 ns : File "C:/FistState/Projects/deBounce/DeBounce_v.v" Line 21
# step
Stopped at time : 10 ns : File "C:/FistState/Projects/deBounce/DeBounce_v.v" Line 26
# step
Stopped at time : 10 ns : File "C:/FistState/Projects/deBounce/DeBounce_v.v" Line 27
# step
Stopped at time : 10 ns : File "C:/FistState/Projects/deBounce/DeBounce_v.v" Line 33
# step
Stopped at time : 10 ns : File "C:/FistState/Projects/deBounce/DeBounce_v.v" Line 25
# step
Stopped at time : 10 ns : File "C:/FistState/Projects/deBounce/DeBounce_v.v" Line 22
# step
Stopped at time : 10 ns : File "C:/FistState/Projects/deBounce/DeBounce_v.v" Line 21
# step
Stopped at time : 10 ns : File "C:/FistState/Projects/deBounce/DeBounce_v.v" Line 26
# step
Stopped at time : 10 ns : File "C:/FistState/Projects/deBounce/DeBounce_v.v" Line 27
# step
Stopped at time : 10 ns : File "C:/FistState/Projects/deBounce/DeBounce_v.v" Line 33
# step
Stopped at time : 10 ns : File "C:/FistState/Projects/deBounce/DeBounce_v.v" Line 25
# step
Stopped at time : 10 ns : File "C:/FistState/Projects/deBounce/DeBounce_v.v" Line 22
# step
Stopped at time : 10 ns : File "C:/FistState/Projects/deBounce/DeBounce_v.v" Line 26
# step
Stopped at time : 10 ns : File "C:/FistState/Projects/deBounce/DeBounce_v.v" Line 27
# step
Stopped at time : 10 ns : File "C:/FistState/Projects/deBounce/DeBounce_v.v" Line 31
# step
Stopped at time : 10 ns : File "C:/FistState/Projects/deBounce/DeBounce_v.v" Line 25
# step
Stopped at time : 10 ns : File "C:/FistState/Projects/deBounce/DeBounce_v.v" Line 26
# step
Stopped at time : 10 ns : File "C:/FistState/Projects/deBounce/DeBounce_v.v" Line 27
# step
Stopped at time : 10 ns : File "C:/FistState/Projects/deBounce/DeBounce_v.v" Line 31
# step
Stopped at time : 10 ns : File "C:/FistState/Projects/deBounce/DeBounce_v.v" Line 25
# step
Stopped at time : 20 ns : File "C:/FistState/Projects/FIFObuffer/fifobuffer/tfifo.v" Line 35
# step
Stopped at time : 20 ns : File "C:/FistState/Projects/FIFObuffer/fifobuffer/tfifo.v" Line 35
# step
Stopped at time : 30 ns : File "C:/FistState/Projects/FIFObuffer/fifobuffer/tfifo.v" Line 35
# step
Stopped at time : 30 ns : File "C:/FistState/Projects/FIFObuffer/fifobuffer/tfifo.v" Line 35
# step
Stopped at time : 30 ns : File "C:/FistState/Projects/FIFObuffer/fifobuffer/fifo.v" Line 49
# step
Stopped at time : 30 ns : File "C:/FistState/Projects/FIFObuffer/fifobuffer/fifo.v" Line 50
# step
Stopped at time : 30 ns : File "C:/FistState/Projects/FIFObuffer/fifobuffer/fifo.v" Line 50
# step
Stopped at time : 30 ns : File "C:/FistState/Projects/FIFObuffer/fifobuffer/fifo.v" Line 51
# step
Stopped at time : 30 ns : File "C:/FistState/Projects/FIFObuffer/fifobuffer/fifo.v" Line 52
# step
Stopped at time : 30 ns : File "C:/FistState/Projects/FIFObuffer/fifobuffer/fifo.v" Line 56
# step
Stopped at time : 30 ns : File "C:/FistState/Projects/FIFObuffer/fifobuffer/fifo.v" Line 152
# step
Stopped at time : 30 ns : File "C:/FistState/Projects/FIFObuffer/fifobuffer/fifo.v" Line 49
# step
Stopped at time : 30 ns : File "C:/FistState/Projects/deBounce/DeBounce_v.v" Line 39
# step
Stopped at time : 30 ns : File "C:/FistState/Projects/deBounce/DeBounce_v.v" Line 40
# step
Stopped at time : 30 ns : File "C:/FistState/Projects/deBounce/DeBounce_v.v" Line 41
# step
Stopped at time : 30 ns : File "C:/FistState/Projects/deBounce/DeBounce_v.v" Line 42
# step
Stopped at time : 30 ns : File "C:/FistState/Projects/deBounce/DeBounce_v.v" Line 43
# step
Stopped at time : 30 ns : File "C:/FistState/Projects/deBounce/DeBounce_v.v" Line 44
# step
Stopped at time : 30 ns : File "C:/FistState/Projects/deBounce/DeBounce_v.v" Line 38
# step
Stopped at time : 30 ns : File "C:/FistState/Projects/deBounce/DeBounce_v.v" Line 56
# step
Stopped at time : 30 ns : File "C:/FistState/Projects/deBounce/DeBounce_v.v" Line 57
# step
Stopped at time : 30 ns : File "C:/FistState/Projects/deBounce/DeBounce_v.v" Line 60
# step
Stopped at time : 30 ns : File "C:/FistState/Projects/deBounce/DeBounce_v.v" Line 55
# step
Stopped at time : 30 ns : File "C:/FistState/Projects/deBounce/DeBounce_v.v" Line 39
# step
Stopped at time : 30 ns : File "C:/FistState/Projects/deBounce/DeBounce_v.v" Line 40
# step
Stopped at time : 30 ns : File "C:/FistState/Projects/deBounce/DeBounce_v.v" Line 41
# step
Stopped at time : 30 ns : File "C:/FistState/Projects/deBounce/DeBounce_v.v" Line 42
# step
Stopped at time : 30 ns : File "C:/FistState/Projects/deBounce/DeBounce_v.v" Line 43
# step
Stopped at time : 30 ns : File "C:/FistState/Projects/deBounce/DeBounce_v.v" Line 44
# step
Stopped at time : 30 ns : File "C:/FistState/Projects/deBounce/DeBounce_v.v" Line 38
# step
Stopped at time : 30 ns : File "C:/FistState/Projects/deBounce/DeBounce_v.v" Line 56
# step
Stopped at time : 30 ns : File "C:/FistState/Projects/deBounce/DeBounce_v.v" Line 57
# step
Stopped at time : 30 ns : File "C:/FistState/Projects/deBounce/DeBounce_v.v" Line 60
# step
Stopped at time : 30 ns : File "C:/FistState/Projects/deBounce/DeBounce_v.v" Line 55
# step
Stopped at time : 30 ns : File "C:/FistState/Projects/SevenSegments/disp_muxcontrol.v" Line 22
# step
Stopped at time : 30 ns : File "C:/FistState/Projects/SevenSegments/disp_muxcontrol.v" Line 23
# step
Stopped at time : 30 ns : File "C:/FistState/Projects/SevenSegments/disp_muxcontrol.v" Line 21
# step
Stopped at time : 40 ns : File "C:/FistState/Projects/FIFObuffer/fifobuffer/tfifo.v" Line 29
# step
Stopped at time : 40 ns : File "C:/FistState/Projects/FIFObuffer/fifobuffer/tfifo.v" Line 30
# step
Stopped at time : 40 ns : File "C:/FistState/Projects/FIFObuffer/fifobuffer/tfifo.v" Line 31
# step
Stopped at time : 40 ns : File "C:/FistState/Projects/FIFObuffer/fifobuffer/tfifo.v" Line 35
# step
Stopped at time : 40 ns : File "C:/FistState/Projects/FIFObuffer/fifobuffer/tfifo.v" Line 35
# step
Stopped at time : 50 ns : File "C:/FistState/Projects/FIFObuffer/fifobuffer/tfifo.v" Line 35
# step
Stopped at time : 50 ns : File "C:/FistState/Projects/FIFObuffer/fifobuffer/tfifo.v" Line 35
# step
Stopped at time : 50 ns : File "C:/FistState/Projects/FIFObuffer/fifobuffer/fifo.v" Line 49
# step
Stopped at time : 50 ns : File "C:/FistState/Projects/FIFObuffer/fifobuffer/fifo.v" Line 50
# step
Stopped at time : 50 ns : File "C:/FistState/Projects/FIFObuffer/fifobuffer/fifo.v" Line 53
# step
Stopped at time : 50 ns : File "C:/FistState/Projects/FIFObuffer/fifobuffer/fifo.v" Line 54
# step
Stopped at time : 50 ns : File "C:/FistState/Projects/FIFObuffer/fifobuffer/fifo.v" Line 56
# step
Stopped at time : 50 ns : File "C:/FistState/Projects/FIFObuffer/fifobuffer/fifo.v" Line 58
# step
Stopped at time : 50 ns : File "C:/FistState/Projects/FIFObuffer/fifobuffer/fifo.v" Line 80
# step
Stopped at time : 50 ns : File "C:/FistState/Projects/FIFObuffer/fifobuffer/fifo.v" Line 81
# step
Stopped at time : 50 ns : File "C:/FistState/Projects/FIFObuffer/fifobuffer/fifo.v" Line 82
# step
Stopped at time : 50 ns : File "C:/FistState/Projects/FIFObuffer/fifobuffer/fifo.v" Line 49
# step
Stopped at time : 50 ns : File "C:/FistState/Projects/deBounce/DeBounce_v.v" Line 39
# step
Stopped at time : 50 ns : File "C:/FistState/Projects/deBounce/DeBounce_v.v" Line 40
# step
Stopped at time : 50 ns : File "C:/FistState/Projects/deBounce/DeBounce_v.v" Line 47
# step
Stopped at time : 50 ns : File "C:/FistState/Projects/deBounce/DeBounce_v.v" Line 48
# step
Stopped at time : 50 ns : File "C:/FistState/Projects/deBounce/DeBounce_v.v" Line 49
# step
Stopped at time : 50 ns : File "C:/FistState/Projects/deBounce/DeBounce_v.v" Line 50
# step
Stopped at time : 50 ns : File "C:/FistState/Projects/deBounce/DeBounce_v.v" Line 38
# step
Stopped at time : 50 ns : File "C:/FistState/Projects/deBounce/DeBounce_v.v" Line 56
# step
Stopped at time : 50 ns : File "C:/FistState/Projects/deBounce/DeBounce_v.v" Line 57
# step
Stopped at time : 50 ns : File "C:/FistState/Projects/deBounce/DeBounce_v.v" Line 60
# step
Stopped at time : 50 ns : File "C:/FistState/Projects/deBounce/DeBounce_v.v" Line 55
# step
Stopped at time : 50 ns : File "C:/FistState/Projects/deBounce/DeBounce_v.v" Line 39
# step
Stopped at time : 50 ns : File "C:/FistState/Projects/deBounce/DeBounce_v.v" Line 40
# step
Stopped at time : 50 ns : File "C:/FistState/Projects/deBounce/DeBounce_v.v" Line 47
# step
Stopped at time : 50 ns : File "C:/FistState/Projects/deBounce/DeBounce_v.v" Line 48
# step
Stopped at time : 50 ns : File "C:/FistState/Projects/deBounce/DeBounce_v.v" Line 49
# step
Stopped at time : 50 ns : File "C:/FistState/Projects/deBounce/DeBounce_v.v" Line 50
# step
Stopped at time : 50 ns : File "C:/FistState/Projects/deBounce/DeBounce_v.v" Line 38
# step
Stopped at time : 50 ns : File "C:/FistState/Projects/deBounce/DeBounce_v.v" Line 56
# step
Stopped at time : 50 ns : File "C:/FistState/Projects/deBounce/DeBounce_v.v" Line 57
# step
Stopped at time : 50 ns : File "C:/FistState/Projects/deBounce/DeBounce_v.v" Line 60
# step
Stopped at time : 50 ns : File "C:/FistState/Projects/deBounce/DeBounce_v.v" Line 55
# step
Stopped at time : 50 ns : File "C:/FistState/Projects/SevenSegments/disp_muxcontrol.v" Line 22
# step
Stopped at time : 50 ns : File "C:/FistState/Projects/SevenSegments/disp_muxcontrol.v" Line 25
# step
Stopped at time : 50 ns : File "C:/FistState/Projects/SevenSegments/disp_muxcontrol.v" Line 21
# step
Stopped at time : 50 ns : File "C:/FistState/Projects/deBounce/DeBounce_v.v" Line 26
# step
Stopped at time : 50 ns : File "C:/FistState/Projects/deBounce/DeBounce_v.v" Line 27
# step
Stopped at time : 50 ns : File "C:/FistState/Projects/deBounce/DeBounce_v.v" Line 31
# step
Stopped at time : 50 ns : File "C:/FistState/Projects/deBounce/DeBounce_v.v" Line 25
# step
Stopped at time : 50 ns : File "C:/FistState/Projects/deBounce/DeBounce_v.v" Line 26
# step
Stopped at time : 50 ns : File "C:/FistState/Projects/deBounce/DeBounce_v.v" Line 27
# step
Stopped at time : 50 ns : File "C:/FistState/Projects/deBounce/DeBounce_v.v" Line 31
# step
Stopped at time : 50 ns : File "C:/FistState/Projects/deBounce/DeBounce_v.v" Line 25
# step
Stopped at time : 50 ns : File "C:/FistState/Projects/SevenSegments/disp_muxcontrol.v" Line 28
# step
Stopped at time : 60 ns : File "C:/FistState/Projects/FIFObuffer/fifobuffer/tfifo.v" Line 35
# step
Stopped at time : 60 ns : File "C:/FistState/Projects/FIFObuffer/fifobuffer/tfifo.v" Line 35
# step
Stopped at time : 70 ns : File "C:/FistState/Projects/FIFObuffer/fifobuffer/tfifo.v" Line 35
# step
Stopped at time : 70 ns : File "C:/FistState/Projects/FIFObuffer/fifobuffer/tfifo.v" Line 35
# step
Stopped at time : 70 ns : File "C:/FistState/Projects/FIFObuffer/fifobuffer/fifo.v" Line 49
# step
Stopped at time : 70 ns : File "C:/FistState/Projects/FIFObuffer/fifobuffer/fifo.v" Line 50
# step
Stopped at time : 70 ns : File "C:/FistState/Projects/FIFObuffer/fifobuffer/fifo.v" Line 53
# step
Stopped at time : 70 ns : File "C:/FistState/Projects/FIFObuffer/fifobuffer/fifo.v" Line 54
# step
Stopped at time : 70 ns : File "C:/FistState/Projects/FIFObuffer/fifobuffer/fifo.v" Line 56
# step
Stopped at time : 70 ns : File "C:/FistState/Projects/FIFObuffer/fifobuffer/fifo.v" Line 58
# step
Stopped at time : 70 ns : File "C:/FistState/Projects/FIFObuffer/fifobuffer/fifo.v" Line 80
# step
Stopped at time : 70 ns : File "C:/FistState/Projects/FIFObuffer/fifobuffer/fifo.v" Line 81
# step
Stopped at time : 70 ns : File "C:/FistState/Projects/FIFObuffer/fifobuffer/fifo.v" Line 82
# step
Stopped at time : 70 ns : File "C:/FistState/Projects/FIFObuffer/fifobuffer/fifo.v" Line 49
# step
Stopped at time : 70 ns : File "C:/FistState/Projects/deBounce/DeBounce_v.v" Line 39
# step
Stopped at time : 70 ns : File "C:/FistState/Projects/deBounce/DeBounce_v.v" Line 40
# step
Stopped at time : 70 ns : File "C:/FistState/Projects/deBounce/DeBounce_v.v" Line 47
# step
Stopped at time : 70 ns : File "C:/FistState/Projects/deBounce/DeBounce_v.v" Line 48
# step
Stopped at time : 70 ns : File "C:/FistState/Projects/deBounce/DeBounce_v.v" Line 49
# step
Stopped at time : 70 ns : File "C:/FistState/Projects/deBounce/DeBounce_v.v" Line 50
# step
Stopped at time : 70 ns : File "C:/FistState/Projects/deBounce/DeBounce_v.v" Line 38
# step
Stopped at time : 70 ns : File "C:/FistState/Projects/deBounce/DeBounce_v.v" Line 56
# step
Stopped at time : 70 ns : File "C:/FistState/Projects/deBounce/DeBounce_v.v" Line 57
# step
Stopped at time : 70 ns : File "C:/FistState/Projects/deBounce/DeBounce_v.v" Line 60
# step
Stopped at time : 70 ns : File "C:/FistState/Projects/deBounce/DeBounce_v.v" Line 55
# step
Stopped at time : 70 ns : File "C:/FistState/Projects/deBounce/DeBounce_v.v" Line 39
# step
Stopped at time : 70 ns : File "C:/FistState/Projects/deBounce/DeBounce_v.v" Line 40
# step
Stopped at time : 70 ns : File "C:/FistState/Projects/deBounce/DeBounce_v.v" Line 47
# step
Stopped at time : 70 ns : File "C:/FistState/Projects/deBounce/DeBounce_v.v" Line 48
# step
Stopped at time : 70 ns : File "C:/FistState/Projects/deBounce/DeBounce_v.v" Line 49
# step
Stopped at time : 70 ns : File "C:/FistState/Projects/deBounce/DeBounce_v.v" Line 50
# step
Stopped at time : 70 ns : File "C:/FistState/Projects/deBounce/DeBounce_v.v" Line 38
# step
Stopped at time : 70 ns : File "C:/FistState/Projects/deBounce/DeBounce_v.v" Line 56
# step
Stopped at time : 70 ns : File "C:/FistState/Projects/deBounce/DeBounce_v.v" Line 57
# step
Stopped at time : 70 ns : File "C:/FistState/Projects/deBounce/DeBounce_v.v" Line 60
# step
Stopped at time : 70 ns : File "C:/FistState/Projects/deBounce/DeBounce_v.v" Line 55
# step
Stopped at time : 70 ns : File "C:/FistState/Projects/SevenSegments/disp_muxcontrol.v" Line 22
# step
Stopped at time : 70 ns : File "C:/FistState/Projects/SevenSegments/disp_muxcontrol.v" Line 25
# step
Stopped at time : 70 ns : File "C:/FistState/Projects/SevenSegments/disp_muxcontrol.v" Line 21
# step
Stopped at time : 70 ns : File "C:/FistState/Projects/deBounce/DeBounce_v.v" Line 26
# step
Stopped at time : 70 ns : File "C:/FistState/Projects/deBounce/DeBounce_v.v" Line 27
# step
Stopped at time : 70 ns : File "C:/FistState/Projects/deBounce/DeBounce_v.v" Line 31
# step
Stopped at time : 70 ns : File "C:/FistState/Projects/deBounce/DeBounce_v.v" Line 25
# step
Stopped at time : 70 ns : File "C:/FistState/Projects/deBounce/DeBounce_v.v" Line 26
# step
Stopped at time : 70 ns : File "C:/FistState/Projects/deBounce/DeBounce_v.v" Line 27
# step
Stopped at time : 70 ns : File "C:/FistState/Projects/deBounce/DeBounce_v.v" Line 31
# step
Stopped at time : 70 ns : File "C:/FistState/Projects/deBounce/DeBounce_v.v" Line 25
# step
Stopped at time : 70 ns : File "C:/FistState/Projects/SevenSegments/disp_muxcontrol.v" Line 28
# step
Stopped at time : 80 ns : File "C:/FistState/Projects/FIFObuffer/fifobuffer/tfifo.v" Line 35
# step
Stopped at time : 80 ns : File "C:/FistState/Projects/FIFObuffer/fifobuffer/tfifo.v" Line 35
# step
Stopped at time : 90 ns : File "C:/FistState/Projects/FIFObuffer/fifobuffer/tfifo.v" Line 35
# step
Stopped at time : 90 ns : File "C:/FistState/Projects/FIFObuffer/fifobuffer/tfifo.v" Line 35
# step
Stopped at time : 90 ns : File "C:/FistState/Projects/FIFObuffer/fifobuffer/fifo.v" Line 49
# step
Stopped at time : 90 ns : File "C:/FistState/Projects/FIFObuffer/fifobuffer/fifo.v" Line 50
# step
Stopped at time : 90 ns : File "C:/FistState/Projects/FIFObuffer/fifobuffer/fifo.v" Line 53
# step
Stopped at time : 90 ns : File "C:/FistState/Projects/FIFObuffer/fifobuffer/fifo.v" Line 54
# step
Stopped at time : 90 ns : File "C:/FistState/Projects/FIFObuffer/fifobuffer/fifo.v" Line 56
# step
Stopped at time : 90 ns : File "C:/FistState/Projects/FIFObuffer/fifobuffer/fifo.v" Line 58
# step
Stopped at time : 90 ns : File "C:/FistState/Projects/FIFObuffer/fifobuffer/fifo.v" Line 80
# step
Stopped at time : 90 ns : File "C:/FistState/Projects/FIFObuffer/fifobuffer/fifo.v" Line 81
# step
Stopped at time : 90 ns : File "C:/FistState/Projects/FIFObuffer/fifobuffer/fifo.v" Line 82
# step
Stopped at time : 90 ns : File "C:/FistState/Projects/FIFObuffer/fifobuffer/fifo.v" Line 49
# step
Stopped at time : 90 ns : File "C:/FistState/Projects/deBounce/DeBounce_v.v" Line 39
# step
Stopped at time : 90 ns : File "C:/FistState/Projects/deBounce/DeBounce_v.v" Line 40
# step
Stopped at time : 90 ns : File "C:/FistState/Projects/deBounce/DeBounce_v.v" Line 47
# step
Stopped at time : 90 ns : File "C:/FistState/Projects/deBounce/DeBounce_v.v" Line 48
# step
Stopped at time : 90 ns : File "C:/FistState/Projects/deBounce/DeBounce_v.v" Line 49
# step
Stopped at time : 90 ns : File "C:/FistState/Projects/deBounce/DeBounce_v.v" Line 50
# step
Stopped at time : 90 ns : File "C:/FistState/Projects/deBounce/DeBounce_v.v" Line 38
# step
Stopped at time : 90 ns : File "C:/FistState/Projects/deBounce/DeBounce_v.v" Line 56
# step
Stopped at time : 90 ns : File "C:/FistState/Projects/deBounce/DeBounce_v.v" Line 57
# step
Stopped at time : 90 ns : File "C:/FistState/Projects/deBounce/DeBounce_v.v" Line 60
# step
Stopped at time : 90 ns : File "C:/FistState/Projects/deBounce/DeBounce_v.v" Line 55
# step
Stopped at time : 90 ns : File "C:/FistState/Projects/deBounce/DeBounce_v.v" Line 39
# step
Stopped at time : 90 ns : File "C:/FistState/Projects/deBounce/DeBounce_v.v" Line 40
# step
Stopped at time : 90 ns : File "C:/FistState/Projects/deBounce/DeBounce_v.v" Line 47
# step
Stopped at time : 90 ns : File "C:/FistState/Projects/deBounce/DeBounce_v.v" Line 48
# step
Stopped at time : 90 ns : File "C:/FistState/Projects/deBounce/DeBounce_v.v" Line 49
# step
Stopped at time : 90 ns : File "C:/FistState/Projects/deBounce/DeBounce_v.v" Line 50
# step
Stopped at time : 90 ns : File "C:/FistState/Projects/deBounce/DeBounce_v.v" Line 38
# step
Stopped at time : 90 ns : File "C:/FistState/Projects/deBounce/DeBounce_v.v" Line 56
# step
Stopped at time : 90 ns : File "C:/FistState/Projects/deBounce/DeBounce_v.v" Line 57
# step
Stopped at time : 90 ns : File "C:/FistState/Projects/deBounce/DeBounce_v.v" Line 60
# step
Stopped at time : 90 ns : File "C:/FistState/Projects/deBounce/DeBounce_v.v" Line 55
# step
Stopped at time : 90 ns : File "C:/FistState/Projects/SevenSegments/disp_muxcontrol.v" Line 22
# step
Stopped at time : 90 ns : File "C:/FistState/Projects/SevenSegments/disp_muxcontrol.v" Line 25
# step
Stopped at time : 90 ns : File "C:/FistState/Projects/SevenSegments/disp_muxcontrol.v" Line 21
# step
Stopped at time : 90 ns : File "C:/FistState/Projects/deBounce/DeBounce_v.v" Line 26
# step
Stopped at time : 90 ns : File "C:/FistState/Projects/deBounce/DeBounce_v.v" Line 27
# step
Stopped at time : 90 ns : File "C:/FistState/Projects/deBounce/DeBounce_v.v" Line 31
# step
Stopped at time : 90 ns : File "C:/FistState/Projects/deBounce/DeBounce_v.v" Line 25
# step
Stopped at time : 90 ns : File "C:/FistState/Projects/deBounce/DeBounce_v.v" Line 26
# step
Stopped at time : 90 ns : File "C:/FistState/Projects/deBounce/DeBounce_v.v" Line 27
# step
Stopped at time : 90 ns : File "C:/FistState/Projects/deBounce/DeBounce_v.v" Line 31
# step
Stopped at time : 90 ns : File "C:/FistState/Projects/deBounce/DeBounce_v.v" Line 25
# step
Stopped at time : 90 ns : File "C:/FistState/Projects/SevenSegments/disp_muxcontrol.v" Line 28
# step
Stopped at time : 100 ns : File "C:/FistState/Projects/FIFObuffer/fifobuffer/tfifo.v" Line 140
# step
Stopped at time : 100 ns : File "C:/FistState/Projects/FIFObuffer/fifobuffer/tfifo.v" Line 141
# step
Stopped at time : 100 ns : File "C:/Xilinx/14.3/ISE_DS/ISE/verilog/src/glbl.v" Line 56
# step
Stopped at time : 100 ns : File "C:/Xilinx/14.3/ISE_DS/ISE/verilog/src/glbl.v" Line 57
# step
Stopped at time : 100 ns : File "C:/FistState/Projects/FIFObuffer/fifobuffer/tfifo.v" Line 35
# step
Stopped at time : 100 ns : File "C:/FistState/Projects/FIFObuffer/fifobuffer/tfifo.v" Line 35
# step
Stopped at time : 100 ns : File "C:/Xilinx/14.3/ISE_DS/ISE/verilog/src/glbl.v" Line 48
# step
Stopped at time : 100 ns : File "C:/Xilinx/14.3/ISE_DS/ISE/verilog/src/glbl.v" Line 50
# step
Stopped at time : 104 ns : File "C:/FistState/Projects/FIFObuffer/fifobuffer/tfifo.v" Line 141
# step
Stopped at time : 104 ns : File "C:/FistState/Projects/FIFObuffer/fifobuffer/tfifo.v" Line 142
# step
Stopped at time : 110 ns : File "C:/FistState/Projects/FIFObuffer/fifobuffer/tfifo.v" Line 35
# step
Stopped at time : 110 ns : File "C:/FistState/Projects/FIFObuffer/fifobuffer/tfifo.v" Line 35
# step
Stopped at time : 110 ns : File "C:/FistState/Projects/FIFObuffer/fifobuffer/fifo.v" Line 49
# step
Stopped at time : 110 ns : File "C:/FistState/Projects/FIFObuffer/fifobuffer/fifo.v" Line 50
# step
Stopped at time : 110 ns : File "C:/FistState/Projects/FIFObuffer/fifobuffer/fifo.v" Line 53
# step
Stopped at time : 110 ns : File "C:/FistState/Projects/FIFObuffer/fifobuffer/fifo.v" Line 54
# step
Stopped at time : 110 ns : File "C:/FistState/Projects/FIFObuffer/fifobuffer/fifo.v" Line 56
# step
Stopped at time : 110 ns : File "C:/FistState/Projects/FIFObuffer/fifobuffer/fifo.v" Line 58
# step
Stopped at time : 110 ns : File "C:/FistState/Projects/FIFObuffer/fifobuffer/fifo.v" Line 80
# step
Stopped at time : 110 ns : File "C:/FistState/Projects/FIFObuffer/fifobuffer/fifo.v" Line 81
# step
Stopped at time : 110 ns : File "C:/FistState/Projects/FIFObuffer/fifobuffer/fifo.v" Line 82
# step
Stopped at time : 110 ns : File "C:/FistState/Projects/FIFObuffer/fifobuffer/fifo.v" Line 49
# step
Stopped at time : 110 ns : File "C:/FistState/Projects/deBounce/DeBounce_v.v" Line 39
# step
Stopped at time : 110 ns : File "C:/FistState/Projects/deBounce/DeBounce_v.v" Line 40
# step
Stopped at time : 110 ns : File "C:/FistState/Projects/deBounce/DeBounce_v.v" Line 47
# step
Stopped at time : 110 ns : File "C:/FistState/Projects/deBounce/DeBounce_v.v" Line 48
# step
Stopped at time : 110 ns : File "C:/FistState/Projects/deBounce/DeBounce_v.v" Line 49
# step
Stopped at time : 110 ns : File "C:/FistState/Projects/deBounce/DeBounce_v.v" Line 50
# step
Stopped at time : 110 ns : File "C:/FistState/Projects/deBounce/DeBounce_v.v" Line 38
# step
Stopped at time : 110 ns : File "C:/FistState/Projects/deBounce/DeBounce_v.v" Line 56
# step
Stopped at time : 110 ns : File "C:/FistState/Projects/deBounce/DeBounce_v.v" Line 57
# step
Stopped at time : 110 ns : File "C:/FistState/Projects/deBounce/DeBounce_v.v" Line 60
# step
Stopped at time : 110 ns : File "C:/FistState/Projects/deBounce/DeBounce_v.v" Line 55
# step
Stopped at time : 110 ns : File "C:/FistState/Projects/deBounce/DeBounce_v.v" Line 39
# step
Stopped at time : 110 ns : File "C:/FistState/Projects/deBounce/DeBounce_v.v" Line 40
# step
Stopped at time : 110 ns : File "C:/FistState/Projects/deBounce/DeBounce_v.v" Line 47
# step
Stopped at time : 110 ns : File "C:/FistState/Projects/deBounce/DeBounce_v.v" Line 48
# step
Stopped at time : 110 ns : File "C:/FistState/Projects/deBounce/DeBounce_v.v" Line 49
# step
Stopped at time : 110 ns : File "C:/FistState/Projects/deBounce/DeBounce_v.v" Line 50
# step
Stopped at time : 110 ns : File "C:/FistState/Projects/deBounce/DeBounce_v.v" Line 38
# step
Stopped at time : 110 ns : File "C:/FistState/Projects/deBounce/DeBounce_v.v" Line 56
# step
Stopped at time : 110 ns : File "C:/FistState/Projects/deBounce/DeBounce_v.v" Line 57
# step
Stopped at time : 110 ns : File "C:/FistState/Projects/deBounce/DeBounce_v.v" Line 60
# step
Stopped at time : 110 ns : File "C:/FistState/Projects/deBounce/DeBounce_v.v" Line 55
# step
Stopped at time : 110 ns : File "C:/FistState/Projects/SevenSegments/disp_muxcontrol.v" Line 22
# step
Stopped at time : 110 ns : File "C:/FistState/Projects/SevenSegments/disp_muxcontrol.v" Line 25
# step
Stopped at time : 110 ns : File "C:/FistState/Projects/SevenSegments/disp_muxcontrol.v" Line 21
# step
Stopped at time : 110 ns : File "C:/FistState/Projects/deBounce/DeBounce_v.v" Line 26
# step
Stopped at time : 110 ns : File "C:/FistState/Projects/deBounce/DeBounce_v.v" Line 27
# step
Stopped at time : 110 ns : File "C:/FistState/Projects/deBounce/DeBounce_v.v" Line 31
# step
Stopped at time : 110 ns : File "C:/FistState/Projects/deBounce/DeBounce_v.v" Line 25
# step
Stopped at time : 110 ns : File "C:/FistState/Projects/deBounce/DeBounce_v.v" Line 26
# step
Stopped at time : 110 ns : File "C:/FistState/Projects/deBounce/DeBounce_v.v" Line 27
# step
Stopped at time : 110 ns : File "C:/FistState/Projects/deBounce/DeBounce_v.v" Line 31
# step
Stopped at time : 110 ns : File "C:/FistState/Projects/deBounce/DeBounce_v.v" Line 25
# step
Stopped at time : 110 ns : File "C:/FistState/Projects/SevenSegments/disp_muxcontrol.v" Line 28
# step
Stopped at time : 112 ns : File "C:/FistState/Projects/FIFObuffer/fifobuffer/tfifo.v" Line 142
# step
Stopped at time : 112 ns : File "C:/FistState/Projects/FIFObuffer/fifobuffer/tfifo.v" Line 143
# step
Stopped at time : 120 ns : File "C:/FistState/Projects/FIFObuffer/fifobuffer/tfifo.v" Line 35
# step
Stopped at time : 120 ns : File "C:/FistState/Projects/FIFObuffer/fifobuffer/tfifo.v" Line 35
# step
Stopped at time : 120 ns : File "C:/FistState/Projects/FIFObuffer/fifobuffer/tfifo.v" Line 143
# step
Stopped at time : 120 ns : File "C:/FistState/Projects/FIFObuffer/fifobuffer/tfifo.v" Line 144
# step
Stopped at time : 128 ns : File "C:/FistState/Projects/FIFObuffer/fifobuffer/tfifo.v" Line 144
# step
Stopped at time : 128 ns : File "C:/FistState/Projects/FIFObuffer/fifobuffer/tfifo.v" Line 145
# step
Stopped at time : 130 ns : File "C:/FistState/Projects/FIFObuffer/fifobuffer/tfifo.v" Line 35
# step
Stopped at time : 130 ns : File "C:/FistState/Projects/FIFObuffer/fifobuffer/tfifo.v" Line 35
# step
Stopped at time : 130 ns : File "C:/FistState/Projects/FIFObuffer/fifobuffer/fifo.v" Line 49
# step
Stopped at time : 130 ns : File "C:/FistState/Projects/FIFObuffer/fifobuffer/fifo.v" Line 50
# step
Stopped at time : 130 ns : File "C:/FistState/Projects/FIFObuffer/fifobuffer/fifo.v" Line 53
# step
Stopped at time : 130 ns : File "C:/FistState/Projects/FIFObuffer/fifobuffer/fifo.v" Line 54
# step
Stopped at time : 130 ns : File "C:/FistState/Projects/FIFObuffer/fifobuffer/fifo.v" Line 56
# step
Stopped at time : 130 ns : File "C:/FistState/Projects/FIFObuffer/fifobuffer/fifo.v" Line 58
# step
Stopped at time : 130 ns : File "C:/FistState/Projects/FIFObuffer/fifobuffer/fifo.v" Line 80
# step
Stopped at time : 130 ns : File "C:/FistState/Projects/FIFObuffer/fifobuffer/fifo.v" Line 81
# step
Stopped at time : 130 ns : File "C:/FistState/Projects/FIFObuffer/fifobuffer/fifo.v" Line 82
# step
Stopped at time : 130 ns : File "C:/FistState/Projects/FIFObuffer/fifobuffer/fifo.v" Line 49
# step
Stopped at time : 130 ns : File "C:/FistState/Projects/deBounce/DeBounce_v.v" Line 39
# step
Stopped at time : 130 ns : File "C:/FistState/Projects/deBounce/DeBounce_v.v" Line 40
# step
Stopped at time : 130 ns : File "C:/FistState/Projects/deBounce/DeBounce_v.v" Line 47
# step
Stopped at time : 130 ns : File "C:/FistState/Projects/deBounce/DeBounce_v.v" Line 48
# step
Stopped at time : 130 ns : File "C:/FistState/Projects/deBounce/DeBounce_v.v" Line 49
# step
Stopped at time : 130 ns : File "C:/FistState/Projects/deBounce/DeBounce_v.v" Line 50
# step
Stopped at time : 130 ns : File "C:/FistState/Projects/deBounce/DeBounce_v.v" Line 38
# step
Stopped at time : 130 ns : File "C:/FistState/Projects/deBounce/DeBounce_v.v" Line 56
# step
Stopped at time : 130 ns : File "C:/FistState/Projects/deBounce/DeBounce_v.v" Line 57
# step
Stopped at time : 130 ns : File "C:/FistState/Projects/deBounce/DeBounce_v.v" Line 60
# step
Stopped at time : 130 ns : File "C:/FistState/Projects/deBounce/DeBounce_v.v" Line 55
# step
Stopped at time : 130 ns : File "C:/FistState/Projects/deBounce/DeBounce_v.v" Line 39
# step
Stopped at time : 130 ns : File "C:/FistState/Projects/deBounce/DeBounce_v.v" Line 40
# step
Stopped at time : 130 ns : File "C:/FistState/Projects/deBounce/DeBounce_v.v" Line 47
# step
Stopped at time : 130 ns : File "C:/FistState/Projects/deBounce/DeBounce_v.v" Line 48
# step
Stopped at time : 130 ns : File "C:/FistState/Projects/deBounce/DeBounce_v.v" Line 49
# step
Stopped at time : 130 ns : File "C:/FistState/Projects/deBounce/DeBounce_v.v" Line 50
# step
Stopped at time : 130 ns : File "C:/FistState/Projects/deBounce/DeBounce_v.v" Line 38
# step
Stopped at time : 130 ns : File "C:/FistState/Projects/deBounce/DeBounce_v.v" Line 56
# step
Stopped at time : 130 ns : File "C:/FistState/Projects/deBounce/DeBounce_v.v" Line 57
# step
Stopped at time : 130 ns : File "C:/FistState/Projects/deBounce/DeBounce_v.v" Line 60
# step
Stopped at time : 130 ns : File "C:/FistState/Projects/deBounce/DeBounce_v.v" Line 55
# step
Stopped at time : 130 ns : File "C:/FistState/Projects/SevenSegments/disp_muxcontrol.v" Line 22
# step
Stopped at time : 130 ns : File "C:/FistState/Projects/SevenSegments/disp_muxcontrol.v" Line 25
# step
Stopped at time : 130 ns : File "C:/FistState/Projects/SevenSegments/disp_muxcontrol.v" Line 21
# step
Stopped at time : 130 ns : File "C:/FistState/Projects/deBounce/DeBounce_v.v" Line 26
# step
Stopped at time : 130 ns : File "C:/FistState/Projects/deBounce/DeBounce_v.v" Line 27
# step
Stopped at time : 130 ns : File "C:/FistState/Projects/deBounce/DeBounce_v.v" Line 31
# step
Stopped at time : 130 ns : File "C:/FistState/Projects/deBounce/DeBounce_v.v" Line 25
# step
Stopped at time : 130 ns : File "C:/FistState/Projects/deBounce/DeBounce_v.v" Line 21
# step
Stopped at time : 130 ns : File "C:/FistState/Projects/deBounce/DeBounce_v.v" Line 26
# step
Stopped at time : 130 ns : File "C:/FistState/Projects/deBounce/DeBounce_v.v" Line 27
# step
Stopped at time : 130 ns : File "C:/FistState/Projects/deBounce/DeBounce_v.v" Line 33
# step
Stopped at time : 130 ns : File "C:/FistState/Projects/deBounce/DeBounce_v.v" Line 25
# step
Stopped at time : 130 ns : File "C:/FistState/Projects/SevenSegments/disp_muxcontrol.v" Line 28
# step
Stopped at time : 140 ns : File "C:/FistState/Projects/FIFObuffer/fifobuffer/tfifo.v" Line 35
# step
Stopped at time : 140 ns : File "C:/FistState/Projects/FIFObuffer/fifobuffer/tfifo.v" Line 35
# step
Stopped at time : 150 ns : File "C:/FistState/Projects/FIFObuffer/fifobuffer/tfifo.v" Line 35
# step
Stopped at time : 150 ns : File "C:/FistState/Projects/FIFObuffer/fifobuffer/tfifo.v" Line 35
# step
Stopped at time : 150 ns : File "C:/FistState/Projects/FIFObuffer/fifobuffer/fifo.v" Line 49
# step
Stopped at time : 150 ns : File "C:/FistState/Projects/FIFObuffer/fifobuffer/fifo.v" Line 50
# step
Stopped at time : 150 ns : File "C:/FistState/Projects/FIFObuffer/fifobuffer/fifo.v" Line 53
# step
Stopped at time : 150 ns : File "C:/FistState/Projects/FIFObuffer/fifobuffer/fifo.v" Line 54
# step
Stopped at time : 150 ns : File "C:/FistState/Projects/FIFObuffer/fifobuffer/fifo.v" Line 56
# step
Stopped at time : 150 ns : File "C:/FistState/Projects/FIFObuffer/fifobuffer/fifo.v" Line 58
# step
Stopped at time : 150 ns : File "C:/FistState/Projects/FIFObuffer/fifobuffer/fifo.v" Line 80
# step
Stopped at time : 150 ns : File "C:/FistState/Projects/FIFObuffer/fifobuffer/fifo.v" Line 81
# step
Stopped at time : 150 ns : File "C:/FistState/Projects/FIFObuffer/fifobuffer/fifo.v" Line 82
# step
Stopped at time : 150 ns : File "C:/FistState/Projects/FIFObuffer/fifobuffer/fifo.v" Line 49
# step
Stopped at time : 150 ns : File "C:/FistState/Projects/deBounce/DeBounce_v.v" Line 39
# step
Stopped at time : 150 ns : File "C:/FistState/Projects/deBounce/DeBounce_v.v" Line 40
# step
Stopped at time : 150 ns : File "C:/FistState/Projects/deBounce/DeBounce_v.v" Line 47
# step
Stopped at time : 150 ns : File "C:/FistState/Projects/deBounce/DeBounce_v.v" Line 48
# step
Stopped at time : 150 ns : File "C:/FistState/Projects/deBounce/DeBounce_v.v" Line 49
# step
Stopped at time : 150 ns : File "C:/FistState/Projects/deBounce/DeBounce_v.v" Line 50
# step
Stopped at time : 150 ns : File "C:/FistState/Projects/deBounce/DeBounce_v.v" Line 38
# step
Stopped at time : 150 ns : File "C:/FistState/Projects/deBounce/DeBounce_v.v" Line 56
# step
Stopped at time : 150 ns : File "C:/FistState/Projects/deBounce/DeBounce_v.v" Line 57
# step
Stopped at time : 150 ns : File "C:/FistState/Projects/deBounce/DeBounce_v.v" Line 60
# step
Stopped at time : 150 ns : File "C:/FistState/Projects/deBounce/DeBounce_v.v" Line 55
# step
Stopped at time : 150 ns : File "C:/FistState/Projects/deBounce/DeBounce_v.v" Line 39
# step
Stopped at time : 150 ns : File "C:/FistState/Projects/deBounce/DeBounce_v.v" Line 40
# step
Stopped at time : 150 ns : File "C:/FistState/Projects/deBounce/DeBounce_v.v" Line 47
# step
Stopped at time : 150 ns : File "C:/FistState/Projects/deBounce/DeBounce_v.v" Line 48
# step
Stopped at time : 150 ns : File "C:/FistState/Projects/deBounce/DeBounce_v.v" Line 49
# step
Stopped at time : 150 ns : File "C:/FistState/Projects/deBounce/DeBounce_v.v" Line 50
# step
Stopped at time : 150 ns : File "C:/FistState/Projects/deBounce/DeBounce_v.v" Line 38
# step
Stopped at time : 150 ns : File "C:/FistState/Projects/deBounce/DeBounce_v.v" Line 56
# step
Stopped at time : 150 ns : File "C:/FistState/Projects/deBounce/DeBounce_v.v" Line 57
# step
Stopped at time : 150 ns : File "C:/FistState/Projects/deBounce/DeBounce_v.v" Line 60
# step
Stopped at time : 150 ns : File "C:/FistState/Projects/deBounce/DeBounce_v.v" Line 55
# step
Stopped at time : 150 ns : File "C:/FistState/Projects/SevenSegments/disp_muxcontrol.v" Line 22
# step
Stopped at time : 150 ns : File "C:/FistState/Projects/SevenSegments/disp_muxcontrol.v" Line 25
# step
Stopped at time : 150 ns : File "C:/FistState/Projects/SevenSegments/disp_muxcontrol.v" Line 21
# step
Stopped at time : 150 ns : File "C:/FistState/Projects/deBounce/DeBounce_v.v" Line 26
# step
Stopped at time : 150 ns : File "C:/FistState/Projects/deBounce/DeBounce_v.v" Line 27
# step
Stopped at time : 150 ns : File "C:/FistState/Projects/deBounce/DeBounce_v.v" Line 31
# step
Stopped at time : 150 ns : File "C:/FistState/Projects/deBounce/DeBounce_v.v" Line 25
# step
Stopped at time : 150 ns : File "C:/FistState/Projects/deBounce/DeBounce_v.v" Line 21
# step
Stopped at time : 150 ns : File "C:/FistState/Projects/deBounce/DeBounce_v.v" Line 26
# step
Stopped at time : 150 ns : File "C:/FistState/Projects/deBounce/DeBounce_v.v" Line 27
# step
Stopped at time : 150 ns : File "C:/FistState/Projects/deBounce/DeBounce_v.v" Line 31
# step
Stopped at time : 150 ns : File "C:/FistState/Projects/deBounce/DeBounce_v.v" Line 25
# step
Stopped at time : 150 ns : File "C:/FistState/Projects/SevenSegments/disp_muxcontrol.v" Line 28
# step
Stopped at time : 160 ns : File "C:/FistState/Projects/FIFObuffer/fifobuffer/tfifo.v" Line 35
# step
Stopped at time : 160 ns : File "C:/FistState/Projects/FIFObuffer/fifobuffer/tfifo.v" Line 35
# step
Stopped at time : 170 ns : File "C:/FistState/Projects/FIFObuffer/fifobuffer/tfifo.v" Line 35
# step
Stopped at time : 170 ns : File "C:/FistState/Projects/FIFObuffer/fifobuffer/tfifo.v" Line 35
# step
Stopped at time : 170 ns : File "C:/FistState/Projects/FIFObuffer/fifobuffer/fifo.v" Line 49
# step
Stopped at time : 170 ns : File "C:/FistState/Projects/FIFObuffer/fifobuffer/fifo.v" Line 50
# step
Stopped at time : 170 ns : File "C:/FistState/Projects/FIFObuffer/fifobuffer/fifo.v" Line 53
# step
Stopped at time : 170 ns : File "C:/FistState/Projects/FIFObuffer/fifobuffer/fifo.v" Line 54
# step
Stopped at time : 170 ns : File "C:/FistState/Projects/FIFObuffer/fifobuffer/fifo.v" Line 56
# step
Stopped at time : 170 ns : File "C:/FistState/Projects/FIFObuffer/fifobuffer/fifo.v" Line 58
# step
Stopped at time : 170 ns : File "C:/FistState/Projects/FIFObuffer/fifobuffer/fifo.v" Line 80
# step
Stopped at time : 170 ns : File "C:/FistState/Projects/FIFObuffer/fifobuffer/fifo.v" Line 81
# step
Stopped at time : 170 ns : File "C:/FistState/Projects/FIFObuffer/fifobuffer/fifo.v" Line 82
# restart
# run 1.00us
Simulator is doing circuit initialization process.
                   0 << Starting the Simulation >> 
Finished circuit initialization process.
# run 1.00us
# run 1.00us
# run 1.00us
# run 1.00us
# run 1.00us
# run 1.00us
# run 1.00us
# run 1.00us
# run 1.00us
# run 1.00us
# run 1.00us
# run 1.00us
# run 1.00us
# run 1.00us
# run 1.00us
# run 1.00us
# run 1.00us
# run 1.00us
# run 1.00us
# run 1.00us
# run 1.00us
# run 100.00us
# run 100.00us
# run 100.00us
# run 100.00us
# run 100.00us
# run 1000.00us
# run 1000.00us
# run 1000.00us
# run 1000.00us
# run 1000.00us
# run 1000.00us
# run 1000.00us
# run 1000.00us
# run 1000.00us
# run 1000.00us
# run 1000.00us
# run 1000.00us
# run 1000.00us
# run 1000.00us
# run all
Stopped at time : 284285390 ns : File "C:/FistState/Projects/FIFObuffer/fifobuffer/tfifo.v" Line 35
# restart
# run all
Simulator is doing circuit initialization process.
                   0 << Starting the Simulation >> 
Finished circuit initialization process.
Stopped at time : 64156420 ns : File "C:/FistState/Projects/FIFObuffer/fifobuffer/tfifo.v" Line 35
# run all
Stopped at time : 201706070 ns : File "C:/FistState/Projects/FIFObuffer/fifobuffer/fifo.v" Line 49
# restart
# run all
Simulator is doing circuit initialization process.
                   0 << Starting the Simulation >> 
Finished circuit initialization process.
Stopped at time : 308052990 ns : File "C:/FistState/Projects/FIFObuffer/fifobuffer/tfifo.v" Line 35
# run all
Stopped at time : 523018350 ns : File "C:/FistState/Projects/FIFObuffer/fifobuffer/tfifo.v" Line 35
# restart
# run all
Simulator is doing circuit initialization process.
                   0 << Starting the Simulation >> 
Finished circuit initialization process.
Stopped at time : 112659630 ns : File "C:/FistState/Projects/SevenSegments/disp_muxcontrol.v" Line 28
# restart
# run all
Simulator is doing circuit initialization process.
                   0 << Starting the Simulation >> 
Finished circuit initialization process.
Stopped at time : 56185870 ns : File "C:/FistState/Projects/deBounce/DeBounce_v.v" Line 50
# restart
# run all
Simulator is doing circuit initialization process.
                   0 << Starting the Simulation >> 
Finished circuit initialization process.
Stopped at time : 52435290 ns : File "C:/FistState/Projects/SevenSegments/disp_muxcontrol.v" Line 22
# restart
# run all
Simulator is doing circuit initialization process.
                   0 << Starting the Simulation >> 
Finished circuit initialization process.
Stopped at time : 14619920 ns : File "C:/FistState/Projects/FIFObuffer/fifobuffer/tfifo.v" Line 35
# run 1 s
Stopped at time : 203826790 ns : File "C:/FistState/Projects/SevenSegments/disp_muxcontrol.v" Line 28
# step
Stopped at time : 203826800 ns : File "C:/FistState/Projects/FIFObuffer/fifobuffer/tfifo.v" Line 35
# step
Stopped at time : 203826800 ns : File "C:/FistState/Projects/FIFObuffer/fifobuffer/tfifo.v" Line 35
# step
Stopped at time : 203826810 ns : File "C:/FistState/Projects/FIFObuffer/fifobuffer/tfifo.v" Line 35
# step
Stopped at time : 203826810 ns : File "C:/FistState/Projects/FIFObuffer/fifobuffer/tfifo.v" Line 35
# step
Stopped at time : 203826810 ns : File "C:/FistState/Projects/FIFObuffer/fifobuffer/fifo.v" Line 49
# step
Stopped at time : 203826810 ns : File "C:/FistState/Projects/FIFObuffer/fifobuffer/fifo.v" Line 50
# step
Stopped at time : 203826810 ns : File "C:/FistState/Projects/FIFObuffer/fifobuffer/fifo.v" Line 53
# step
Stopped at time : 203826810 ns : File "C:/FistState/Projects/FIFObuffer/fifobuffer/fifo.v" Line 54
# step
Stopped at time : 203826810 ns : File "C:/FistState/Projects/FIFObuffer/fifobuffer/fifo.v" Line 56
# step
Stopped at time : 203826810 ns : File "C:/FistState/Projects/FIFObuffer/fifobuffer/fifo.v" Line 58
# step
Stopped at time : 203826810 ns : File "C:/FistState/Projects/FIFObuffer/fifobuffer/fifo.v" Line 80
# step
Stopped at time : 203826810 ns : File "C:/FistState/Projects/FIFObuffer/fifobuffer/fifo.v" Line 81
# step
Stopped at time : 203826810 ns : File "C:/FistState/Projects/FIFObuffer/fifobuffer/fifo.v" Line 82
# step
Stopped at time : 203826810 ns : File "C:/FistState/Projects/FIFObuffer/fifobuffer/fifo.v" Line 49
# step
Stopped at time : 203826810 ns : File "C:/FistState/Projects/deBounce/DeBounce_v.v" Line 39
# step
Stopped at time : 203826810 ns : File "C:/FistState/Projects/deBounce/DeBounce_v.v" Line 40
# step
Stopped at time : 203826810 ns : File "C:/FistState/Projects/deBounce/DeBounce_v.v" Line 47
# step
Stopped at time : 203826810 ns : File "C:/FistState/Projects/deBounce/DeBounce_v.v" Line 48
# step
Stopped at time : 203826810 ns : File "C:/FistState/Projects/deBounce/DeBounce_v.v" Line 49
# step
Stopped at time : 203826810 ns : File "C:/FistState/Projects/deBounce/DeBounce_v.v" Line 50
# step
Stopped at time : 203826810 ns : File "C:/FistState/Projects/deBounce/DeBounce_v.v" Line 38
# step
Stopped at time : 203826810 ns : File "C:/FistState/Projects/deBounce/DeBounce_v.v" Line 56
# step
Stopped at time : 203826810 ns : File "C:/FistState/Projects/deBounce/DeBounce_v.v" Line 57
# step
Stopped at time : 203826810 ns : File "C:/FistState/Projects/deBounce/DeBounce_v.v" Line 58
# step
Stopped at time : 203826810 ns : File "C:/FistState/Projects/deBounce/DeBounce_v.v" Line 55
# step
Stopped at time : 203826810 ns : File "C:/FistState/Projects/deBounce/DeBounce_v.v" Line 39
# step
Stopped at time : 203826810 ns : File "C:/FistState/Projects/deBounce/DeBounce_v.v" Line 40
# step
Stopped at time : 203826810 ns : File "C:/FistState/Projects/deBounce/DeBounce_v.v" Line 47
# step
Stopped at time : 203826810 ns : File "C:/FistState/Projects/deBounce/DeBounce_v.v" Line 48
# step
Stopped at time : 203826810 ns : File "C:/FistState/Projects/deBounce/DeBounce_v.v" Line 49
# step
Stopped at time : 203826810 ns : File "C:/FistState/Projects/deBounce/DeBounce_v.v" Line 50
# step
Stopped at time : 203826810 ns : File "C:/FistState/Projects/deBounce/DeBounce_v.v" Line 38
# step
Stopped at time : 203826810 ns : File "C:/FistState/Projects/deBounce/DeBounce_v.v" Line 56
# step
Stopped at time : 203826810 ns : File "C:/FistState/Projects/deBounce/DeBounce_v.v" Line 57
# step
Stopped at time : 203826810 ns : File "C:/FistState/Projects/deBounce/DeBounce_v.v" Line 58
# step
Stopped at time : 203826810 ns : File "C:/FistState/Projects/deBounce/DeBounce_v.v" Line 55
# step
Stopped at time : 203826810 ns : File "C:/FistState/Projects/SevenSegments/disp_muxcontrol.v" Line 22
# step
Stopped at time : 203826810 ns : File "C:/FistState/Projects/SevenSegments/disp_muxcontrol.v" Line 25
# step
Stopped at time : 203826810 ns : File "C:/FistState/Projects/SevenSegments/disp_muxcontrol.v" Line 21
# step
Stopped at time : 203826810 ns : File "C:/FistState/Projects/SevenSegments/disp_muxcontrol.v" Line 28
# step
Stopped at time : 203826820 ns : File "C:/FistState/Projects/FIFObuffer/fifobuffer/tfifo.v" Line 35
# step
Stopped at time : 203826820 ns : File "C:/FistState/Projects/FIFObuffer/fifobuffer/tfifo.v" Line 35
# step
Stopped at time : 203826830 ns : File "C:/FistState/Projects/FIFObuffer/fifobuffer/tfifo.v" Line 35
# step
Stopped at time : 203826830 ns : File "C:/FistState/Projects/FIFObuffer/fifobuffer/tfifo.v" Line 35
# step
Stopped at time : 203826830 ns : File "C:/FistState/Projects/FIFObuffer/fifobuffer/fifo.v" Line 49
# step
Stopped at time : 203826830 ns : File "C:/FistState/Projects/FIFObuffer/fifobuffer/fifo.v" Line 50
# step
Stopped at time : 203826830 ns : File "C:/FistState/Projects/FIFObuffer/fifobuffer/fifo.v" Line 53
# step
Stopped at time : 203826830 ns : File "C:/FistState/Projects/FIFObuffer/fifobuffer/fifo.v" Line 54
# step
Stopped at time : 203826830 ns : File "C:/FistState/Projects/FIFObuffer/fifobuffer/fifo.v" Line 56
# step
Stopped at time : 203826830 ns : File "C:/FistState/Projects/FIFObuffer/fifobuffer/fifo.v" Line 58
# step
Stopped at time : 203826830 ns : File "C:/FistState/Projects/FIFObuffer/fifobuffer/fifo.v" Line 80
# step
Stopped at time : 203826830 ns : File "C:/FistState/Projects/FIFObuffer/fifobuffer/fifo.v" Line 81
# step
Stopped at time : 203826830 ns : File "C:/FistState/Projects/FIFObuffer/fifobuffer/fifo.v" Line 82
# step
Stopped at time : 203826830 ns : File "C:/FistState/Projects/FIFObuffer/fifobuffer/fifo.v" Line 49
# step
Stopped at time : 203826830 ns : File "C:/FistState/Projects/deBounce/DeBounce_v.v" Line 39
# step
Stopped at time : 203826830 ns : File "C:/FistState/Projects/deBounce/DeBounce_v.v" Line 40
# step
Stopped at time : 203826830 ns : File "C:/FistState/Projects/deBounce/DeBounce_v.v" Line 47
# step
Stopped at time : 203826830 ns : File "C:/FistState/Projects/deBounce/DeBounce_v.v" Line 48
# step
Stopped at time : 203826830 ns : File "C:/FistState/Projects/deBounce/DeBounce_v.v" Line 49
# step
Stopped at time : 203826830 ns : File "C:/FistState/Projects/deBounce/DeBounce_v.v" Line 50
# step
Stopped at time : 203826830 ns : File "C:/FistState/Projects/deBounce/DeBounce_v.v" Line 38
# step
Stopped at time : 203826830 ns : File "C:/FistState/Projects/deBounce/DeBounce_v.v" Line 56
# step
Stopped at time : 203826830 ns : File "C:/FistState/Projects/deBounce/DeBounce_v.v" Line 57
# step
Stopped at time : 203826830 ns : File "C:/FistState/Projects/deBounce/DeBounce_v.v" Line 58
# step
Stopped at time : 203826830 ns : File "C:/FistState/Projects/deBounce/DeBounce_v.v" Line 55
# step
Stopped at time : 203826830 ns : File "C:/FistState/Projects/deBounce/DeBounce_v.v" Line 39
# step
Stopped at time : 203826830 ns : File "C:/FistState/Projects/deBounce/DeBounce_v.v" Line 40
# step
Stopped at time : 203826830 ns : File "C:/FistState/Projects/deBounce/DeBounce_v.v" Line 47
# step
Stopped at time : 203826830 ns : File "C:/FistState/Projects/deBounce/DeBounce_v.v" Line 48
# step
Stopped at time : 203826830 ns : File "C:/FistState/Projects/deBounce/DeBounce_v.v" Line 49
# step
Stopped at time : 203826830 ns : File "C:/FistState/Projects/deBounce/DeBounce_v.v" Line 50
# step
Stopped at time : 203826830 ns : File "C:/FistState/Projects/deBounce/DeBounce_v.v" Line 38
# step
Stopped at time : 203826830 ns : File "C:/FistState/Projects/deBounce/DeBounce_v.v" Line 56
# step
Stopped at time : 203826830 ns : File "C:/FistState/Projects/deBounce/DeBounce_v.v" Line 57
# step
Stopped at time : 203826830 ns : File "C:/FistState/Projects/deBounce/DeBounce_v.v" Line 58
# step
Stopped at time : 203826830 ns : File "C:/FistState/Projects/deBounce/DeBounce_v.v" Line 55
# step
Stopped at time : 203826830 ns : File "C:/FistState/Projects/SevenSegments/disp_muxcontrol.v" Line 22
# step
Stopped at time : 203826830 ns : File "C:/FistState/Projects/SevenSegments/disp_muxcontrol.v" Line 25
# step
Stopped at time : 203826830 ns : File "C:/FistState/Projects/SevenSegments/disp_muxcontrol.v" Line 21
# step
Stopped at time : 203826830 ns : File "C:/FistState/Projects/SevenSegments/disp_muxcontrol.v" Line 28
# step
Stopped at time : 203826840 ns : File "C:/FistState/Projects/FIFObuffer/fifobuffer/tfifo.v" Line 35
# step
Stopped at time : 203826840 ns : File "C:/FistState/Projects/FIFObuffer/fifobuffer/tfifo.v" Line 35
# step
Stopped at time : 203826850 ns : File "C:/FistState/Projects/FIFObuffer/fifobuffer/tfifo.v" Line 35
# step
Stopped at time : 203826850 ns : File "C:/FistState/Projects/FIFObuffer/fifobuffer/tfifo.v" Line 35
# step
Stopped at time : 203826850 ns : File "C:/FistState/Projects/FIFObuffer/fifobuffer/fifo.v" Line 49
# step
Stopped at time : 203826850 ns : File "C:/FistState/Projects/FIFObuffer/fifobuffer/fifo.v" Line 50
# step
Stopped at time : 203826850 ns : File "C:/FistState/Projects/FIFObuffer/fifobuffer/fifo.v" Line 53
# step
Stopped at time : 203826850 ns : File "C:/FistState/Projects/FIFObuffer/fifobuffer/fifo.v" Line 54
# step
Stopped at time : 203826850 ns : File "C:/FistState/Projects/FIFObuffer/fifobuffer/fifo.v" Line 56
# step
Stopped at time : 203826850 ns : File "C:/FistState/Projects/FIFObuffer/fifobuffer/fifo.v" Line 58
# step
Stopped at time : 203826850 ns : File "C:/FistState/Projects/FIFObuffer/fifobuffer/fifo.v" Line 80
# step
Stopped at time : 203826850 ns : File "C:/FistState/Projects/FIFObuffer/fifobuffer/fifo.v" Line 81
# step
Stopped at time : 203826850 ns : File "C:/FistState/Projects/FIFObuffer/fifobuffer/fifo.v" Line 82
# step
Stopped at time : 203826850 ns : File "C:/FistState/Projects/FIFObuffer/fifobuffer/fifo.v" Line 49
# step
Stopped at time : 203826850 ns : File "C:/FistState/Projects/deBounce/DeBounce_v.v" Line 39
# step
Stopped at time : 203826850 ns : File "C:/FistState/Projects/deBounce/DeBounce_v.v" Line 40
# step
Stopped at time : 203826850 ns : File "C:/FistState/Projects/deBounce/DeBounce_v.v" Line 47
# step
Stopped at time : 203826850 ns : File "C:/FistState/Projects/deBounce/DeBounce_v.v" Line 48
# step
Stopped at time : 203826850 ns : File "C:/FistState/Projects/deBounce/DeBounce_v.v" Line 49
# step
Stopped at time : 203826850 ns : File "C:/FistState/Projects/deBounce/DeBounce_v.v" Line 50
# step
Stopped at time : 203826850 ns : File "C:/FistState/Projects/deBounce/DeBounce_v.v" Line 38
# step
Stopped at time : 203826850 ns : File "C:/FistState/Projects/deBounce/DeBounce_v.v" Line 56
# step
Stopped at time : 203826850 ns : File "C:/FistState/Projects/deBounce/DeBounce_v.v" Line 57
# step
Stopped at time : 203826850 ns : File "C:/FistState/Projects/deBounce/DeBounce_v.v" Line 58
# step
Stopped at time : 203826850 ns : File "C:/FistState/Projects/deBounce/DeBounce_v.v" Line 55
# step
Stopped at time : 203826850 ns : File "C:/FistState/Projects/deBounce/DeBounce_v.v" Line 39
# step
Stopped at time : 203826850 ns : File "C:/FistState/Projects/deBounce/DeBounce_v.v" Line 40
# step
Stopped at time : 203826850 ns : File "C:/FistState/Projects/deBounce/DeBounce_v.v" Line 47
# step
Stopped at time : 203826850 ns : File "C:/FistState/Projects/deBounce/DeBounce_v.v" Line 48
# step
Stopped at time : 203826850 ns : File "C:/FistState/Projects/deBounce/DeBounce_v.v" Line 49
# step
Stopped at time : 203826850 ns : File "C:/FistState/Projects/deBounce/DeBounce_v.v" Line 50
# step
Stopped at time : 203826850 ns : File "C:/FistState/Projects/deBounce/DeBounce_v.v" Line 38
# step
Stopped at time : 203826850 ns : File "C:/FistState/Projects/deBounce/DeBounce_v.v" Line 56
# step
Stopped at time : 203826850 ns : File "C:/FistState/Projects/deBounce/DeBounce_v.v" Line 57
# step
Stopped at time : 203826850 ns : File "C:/FistState/Projects/deBounce/DeBounce_v.v" Line 58
# step
Stopped at time : 203826850 ns : File "C:/FistState/Projects/deBounce/DeBounce_v.v" Line 55
# step
Stopped at time : 203826850 ns : File "C:/FistState/Projects/SevenSegments/disp_muxcontrol.v" Line 22
# step
Stopped at time : 203826850 ns : File "C:/FistState/Projects/SevenSegments/disp_muxcontrol.v" Line 25
# step
Stopped at time : 203826850 ns : File "C:/FistState/Projects/SevenSegments/disp_muxcontrol.v" Line 21
# step
Stopped at time : 203826850 ns : File "C:/FistState/Projects/SevenSegments/disp_muxcontrol.v" Line 28
# step
Stopped at time : 203826860 ns : File "C:/FistState/Projects/FIFObuffer/fifobuffer/tfifo.v" Line 35
# step
Stopped at time : 203826860 ns : File "C:/FistState/Projects/FIFObuffer/fifobuffer/tfifo.v" Line 35
# step
Stopped at time : 203826870 ns : File "C:/FistState/Projects/FIFObuffer/fifobuffer/tfifo.v" Line 35
# step
Stopped at time : 203826870 ns : File "C:/FistState/Projects/FIFObuffer/fifobuffer/tfifo.v" Line 35
# step
Stopped at time : 203826870 ns : File "C:/FistState/Projects/FIFObuffer/fifobuffer/fifo.v" Line 49
# step
Stopped at time : 203826870 ns : File "C:/FistState/Projects/FIFObuffer/fifobuffer/fifo.v" Line 50
# step
Stopped at time : 203826870 ns : File "C:/FistState/Projects/FIFObuffer/fifobuffer/fifo.v" Line 53
# step
Stopped at time : 203826870 ns : File "C:/FistState/Projects/FIFObuffer/fifobuffer/fifo.v" Line 54
# step
Stopped at time : 203826870 ns : File "C:/FistState/Projects/FIFObuffer/fifobuffer/fifo.v" Line 56
# step
Stopped at time : 203826870 ns : File "C:/FistState/Projects/FIFObuffer/fifobuffer/fifo.v" Line 58
# step
Stopped at time : 203826870 ns : File "C:/FistState/Projects/FIFObuffer/fifobuffer/fifo.v" Line 80
# step
Stopped at time : 203826870 ns : File "C:/FistState/Projects/FIFObuffer/fifobuffer/fifo.v" Line 81
# step
Stopped at time : 203826870 ns : File "C:/FistState/Projects/FIFObuffer/fifobuffer/fifo.v" Line 82
# step
Stopped at time : 203826870 ns : File "C:/FistState/Projects/FIFObuffer/fifobuffer/fifo.v" Line 49
# step
Stopped at time : 203826870 ns : File "C:/FistState/Projects/deBounce/DeBounce_v.v" Line 39
# step
Stopped at time : 203826870 ns : File "C:/FistState/Projects/deBounce/DeBounce_v.v" Line 40
# step
Stopped at time : 203826870 ns : File "C:/FistState/Projects/deBounce/DeBounce_v.v" Line 47
# step
Stopped at time : 203826870 ns : File "C:/FistState/Projects/deBounce/DeBounce_v.v" Line 48
# step
Stopped at time : 203826870 ns : File "C:/FistState/Projects/deBounce/DeBounce_v.v" Line 49
# step
Stopped at time : 203826870 ns : File "C:/FistState/Projects/deBounce/DeBounce_v.v" Line 50
# step
Stopped at time : 203826870 ns : File "C:/FistState/Projects/deBounce/DeBounce_v.v" Line 38
# step
Stopped at time : 203826870 ns : File "C:/FistState/Projects/deBounce/DeBounce_v.v" Line 56
# step
Stopped at time : 203826870 ns : File "C:/FistState/Projects/deBounce/DeBounce_v.v" Line 57
# step
Stopped at time : 203826870 ns : File "C:/FistState/Projects/deBounce/DeBounce_v.v" Line 58
# step
Stopped at time : 203826870 ns : File "C:/FistState/Projects/deBounce/DeBounce_v.v" Line 55
# step
Stopped at time : 203826870 ns : File "C:/FistState/Projects/deBounce/DeBounce_v.v" Line 39
# step
Stopped at time : 203826870 ns : File "C:/FistState/Projects/deBounce/DeBounce_v.v" Line 40
# step
Stopped at time : 203826870 ns : File "C:/FistState/Projects/deBounce/DeBounce_v.v" Line 47
# step
Stopped at time : 203826870 ns : File "C:/FistState/Projects/deBounce/DeBounce_v.v" Line 48
# step
Stopped at time : 203826870 ns : File "C:/FistState/Projects/deBounce/DeBounce_v.v" Line 49
# step
Stopped at time : 203826870 ns : File "C:/FistState/Projects/deBounce/DeBounce_v.v" Line 50
# step
Stopped at time : 203826870 ns : File "C:/FistState/Projects/deBounce/DeBounce_v.v" Line 38
# step
Stopped at time : 203826870 ns : File "C:/FistState/Projects/deBounce/DeBounce_v.v" Line 56
# step
Stopped at time : 203826870 ns : File "C:/FistState/Projects/deBounce/DeBounce_v.v" Line 57
# step
Stopped at time : 203826870 ns : File "C:/FistState/Projects/deBounce/DeBounce_v.v" Line 58
# step
Stopped at time : 203826870 ns : File "C:/FistState/Projects/deBounce/DeBounce_v.v" Line 55
# step
Stopped at time : 203826870 ns : File "C:/FistState/Projects/SevenSegments/disp_muxcontrol.v" Line 22
# step
Stopped at time : 203826870 ns : File "C:/FistState/Projects/SevenSegments/disp_muxcontrol.v" Line 25
# step
Stopped at time : 203826870 ns : File "C:/FistState/Projects/SevenSegments/disp_muxcontrol.v" Line 21
# step
Stopped at time : 203826870 ns : File "C:/FistState/Projects/SevenSegments/disp_muxcontrol.v" Line 28
# step
Stopped at time : 203826880 ns : File "C:/FistState/Projects/FIFObuffer/fifobuffer/tfifo.v" Line 35
# step
Stopped at time : 203826880 ns : File "C:/FistState/Projects/FIFObuffer/fifobuffer/tfifo.v" Line 35
# step
Stopped at time : 203826890 ns : File "C:/FistState/Projects/FIFObuffer/fifobuffer/tfifo.v" Line 35
# step
Stopped at time : 203826890 ns : File "C:/FistState/Projects/FIFObuffer/fifobuffer/tfifo.v" Line 35
# step
Stopped at time : 203826890 ns : File "C:/FistState/Projects/FIFObuffer/fifobuffer/fifo.v" Line 49
# step
Stopped at time : 203826890 ns : File "C:/FistState/Projects/FIFObuffer/fifobuffer/fifo.v" Line 50
# step
Stopped at time : 203826890 ns : File "C:/FistState/Projects/FIFObuffer/fifobuffer/fifo.v" Line 53
# step
Stopped at time : 203826890 ns : File "C:/FistState/Projects/FIFObuffer/fifobuffer/fifo.v" Line 54
# step
Stopped at time : 203826890 ns : File "C:/FistState/Projects/FIFObuffer/fifobuffer/fifo.v" Line 56
# step
Stopped at time : 203826890 ns : File "C:/FistState/Projects/FIFObuffer/fifobuffer/fifo.v" Line 58
# step
Stopped at time : 203826890 ns : File "C:/FistState/Projects/FIFObuffer/fifobuffer/fifo.v" Line 80
# step
Stopped at time : 203826890 ns : File "C:/FistState/Projects/FIFObuffer/fifobuffer/fifo.v" Line 81
# step
Stopped at time : 203826890 ns : File "C:/FistState/Projects/FIFObuffer/fifobuffer/fifo.v" Line 82
# step
Stopped at time : 203826890 ns : File "C:/FistState/Projects/FIFObuffer/fifobuffer/fifo.v" Line 49
# step
Stopped at time : 203826890 ns : File "C:/FistState/Projects/deBounce/DeBounce_v.v" Line 39
# step
Stopped at time : 203826890 ns : File "C:/FistState/Projects/deBounce/DeBounce_v.v" Line 40
# step
Stopped at time : 203826890 ns : File "C:/FistState/Projects/deBounce/DeBounce_v.v" Line 47
# step
Stopped at time : 203826890 ns : File "C:/FistState/Projects/deBounce/DeBounce_v.v" Line 48
# step
Stopped at time : 203826890 ns : File "C:/FistState/Projects/deBounce/DeBounce_v.v" Line 49
# step
Stopped at time : 203826890 ns : File "C:/FistState/Projects/deBounce/DeBounce_v.v" Line 50
# step
Stopped at time : 203826890 ns : File "C:/FistState/Projects/deBounce/DeBounce_v.v" Line 38
# step
Stopped at time : 203826890 ns : File "C:/FistState/Projects/deBounce/DeBounce_v.v" Line 56
# step
Stopped at time : 203826890 ns : File "C:/FistState/Projects/deBounce/DeBounce_v.v" Line 57
# step
Stopped at time : 203826890 ns : File "C:/FistState/Projects/deBounce/DeBounce_v.v" Line 58
# step
Stopped at time : 203826890 ns : File "C:/FistState/Projects/deBounce/DeBounce_v.v" Line 55
# step
Stopped at time : 203826890 ns : File "C:/FistState/Projects/deBounce/DeBounce_v.v" Line 39
# step
Stopped at time : 203826890 ns : File "C:/FistState/Projects/deBounce/DeBounce_v.v" Line 40
# step
Stopped at time : 203826890 ns : File "C:/FistState/Projects/deBounce/DeBounce_v.v" Line 47
# step
Stopped at time : 203826890 ns : File "C:/FistState/Projects/deBounce/DeBounce_v.v" Line 48
# step
Stopped at time : 203826890 ns : File "C:/FistState/Projects/deBounce/DeBounce_v.v" Line 49
# step
Stopped at time : 203826890 ns : File "C:/FistState/Projects/deBounce/DeBounce_v.v" Line 50
# step
Stopped at time : 203826890 ns : File "C:/FistState/Projects/deBounce/DeBounce_v.v" Line 38
# step
Stopped at time : 203826890 ns : File "C:/FistState/Projects/deBounce/DeBounce_v.v" Line 56
# step
Stopped at time : 203826890 ns : File "C:/FistState/Projects/deBounce/DeBounce_v.v" Line 57
# step
Stopped at time : 203826890 ns : File "C:/FistState/Projects/deBounce/DeBounce_v.v" Line 58
# step
Stopped at time : 203826890 ns : File "C:/FistState/Projects/deBounce/DeBounce_v.v" Line 55
# step
Stopped at time : 203826890 ns : File "C:/FistState/Projects/SevenSegments/disp_muxcontrol.v" Line 22
# step
Stopped at time : 203826890 ns : File "C:/FistState/Projects/SevenSegments/disp_muxcontrol.v" Line 25
# step
Stopped at time : 203826890 ns : File "C:/FistState/Projects/SevenSegments/disp_muxcontrol.v" Line 21
# step
Stopped at time : 203826890 ns : File "C:/FistState/Projects/SevenSegments/disp_muxcontrol.v" Line 28
# step
Stopped at time : 203826900 ns : File "C:/FistState/Projects/FIFObuffer/fifobuffer/tfifo.v" Line 35
# step
Stopped at time : 203826900 ns : File "C:/FistState/Projects/FIFObuffer/fifobuffer/tfifo.v" Line 35
# step
Stopped at time : 203826910 ns : File "C:/FistState/Projects/FIFObuffer/fifobuffer/tfifo.v" Line 35
# step
Stopped at time : 203826910 ns : File "C:/FistState/Projects/FIFObuffer/fifobuffer/tfifo.v" Line 35
# step
Stopped at time : 203826910 ns : File "C:/FistState/Projects/FIFObuffer/fifobuffer/fifo.v" Line 49
# step
Stopped at time : 203826910 ns : File "C:/FistState/Projects/FIFObuffer/fifobuffer/fifo.v" Line 50
# step
Stopped at time : 203826910 ns : File "C:/FistState/Projects/FIFObuffer/fifobuffer/fifo.v" Line 53
# step
Stopped at time : 203826910 ns : File "C:/FistState/Projects/FIFObuffer/fifobuffer/fifo.v" Line 54
# step
Stopped at time : 203826910 ns : File "C:/FistState/Projects/FIFObuffer/fifobuffer/fifo.v" Line 56
# step
Stopped at time : 203826910 ns : File "C:/FistState/Projects/FIFObuffer/fifobuffer/fifo.v" Line 58
# step
Stopped at time : 203826910 ns : File "C:/FistState/Projects/FIFObuffer/fifobuffer/fifo.v" Line 80
# step
Stopped at time : 203826910 ns : File "C:/FistState/Projects/FIFObuffer/fifobuffer/fifo.v" Line 81
# step
Stopped at time : 203826910 ns : File "C:/FistState/Projects/FIFObuffer/fifobuffer/fifo.v" Line 82
# step
Stopped at time : 203826910 ns : File "C:/FistState/Projects/FIFObuffer/fifobuffer/fifo.v" Line 49
# step
Stopped at time : 203826910 ns : File "C:/FistState/Projects/deBounce/DeBounce_v.v" Line 39
# step
Stopped at time : 203826910 ns : File "C:/FistState/Projects/deBounce/DeBounce_v.v" Line 40
# step
Stopped at time : 203826910 ns : File "C:/FistState/Projects/deBounce/DeBounce_v.v" Line 47
# step
Stopped at time : 203826910 ns : File "C:/FistState/Projects/deBounce/DeBounce_v.v" Line 48
# step
Stopped at time : 203826910 ns : File "C:/FistState/Projects/deBounce/DeBounce_v.v" Line 49
# step
Stopped at time : 203826910 ns : File "C:/FistState/Projects/deBounce/DeBounce_v.v" Line 50
# step
Stopped at time : 203826910 ns : File "C:/FistState/Projects/deBounce/DeBounce_v.v" Line 38
# step
Stopped at time : 203826910 ns : File "C:/FistState/Projects/deBounce/DeBounce_v.v" Line 56
# step
Stopped at time : 203826910 ns : File "C:/FistState/Projects/deBounce/DeBounce_v.v" Line 57
# step
Stopped at time : 203826910 ns : File "C:/FistState/Projects/deBounce/DeBounce_v.v" Line 58
# step
Stopped at time : 203826910 ns : File "C:/FistState/Projects/deBounce/DeBounce_v.v" Line 55
# step
Stopped at time : 203826910 ns : File "C:/FistState/Projects/deBounce/DeBounce_v.v" Line 39
# step
Stopped at time : 203826910 ns : File "C:/FistState/Projects/deBounce/DeBounce_v.v" Line 40
# step
Stopped at time : 203826910 ns : File "C:/FistState/Projects/deBounce/DeBounce_v.v" Line 47
# step
Stopped at time : 203826910 ns : File "C:/FistState/Projects/deBounce/DeBounce_v.v" Line 48
# step
Stopped at time : 203826910 ns : File "C:/FistState/Projects/deBounce/DeBounce_v.v" Line 49
# step
Stopped at time : 203826910 ns : File "C:/FistState/Projects/deBounce/DeBounce_v.v" Line 50
# step
Stopped at time : 203826910 ns : File "C:/FistState/Projects/deBounce/DeBounce_v.v" Line 38
# step
Stopped at time : 203826910 ns : File "C:/FistState/Projects/deBounce/DeBounce_v.v" Line 56
# step
Stopped at time : 203826910 ns : File "C:/FistState/Projects/deBounce/DeBounce_v.v" Line 57
# step
Stopped at time : 203826910 ns : File "C:/FistState/Projects/deBounce/DeBounce_v.v" Line 58
# step
Stopped at time : 203826910 ns : File "C:/FistState/Projects/deBounce/DeBounce_v.v" Line 55
# step
Stopped at time : 203826910 ns : File "C:/FistState/Projects/SevenSegments/disp_muxcontrol.v" Line 22
# step
Stopped at time : 203826910 ns : File "C:/FistState/Projects/SevenSegments/disp_muxcontrol.v" Line 25
# run all
Stopped at time : 280609350 ns : File "C:/FistState/Projects/FIFObuffer/fifobuffer/tfifo.v" Line 35
