Release 14.3 - xst P.40xd (nt64)
Copyright (c) 1995-2012 Xilinx, Inc.  All rights reserved.
--> Parameter TMPDIR set to xst/projnav.tmp


Total REAL time to Xst completion: 1.00 secs
Total CPU time to Xst completion: 0.13 secs
 
--> Parameter xsthdpdir set to xst


Total REAL time to Xst completion: 1.00 secs
Total CPU time to Xst completion: 0.13 secs
 
--> Reading design: fsm_using_always.prj

TABLE OF CONTENTS
  1) Synthesis Options Summary
  2) HDL Compilation
  3) Design Hierarchy Analysis
  4) HDL Analysis
  5) HDL Synthesis
     5.1) HDL Synthesis Report
  6) Advanced HDL Synthesis
     6.1) Advanced HDL Synthesis Report
  7) Low Level Synthesis
  8) Partition Report
  9) Final Report
	9.1) Device utilization summary
	9.2) Partition Resource Summary
	9.3) TIMING REPORT


=========================================================================
*                      Synthesis Options Summary                        *
=========================================================================
---- Source Parameters
Input File Name                    : "fsm_using_always.prj"
Input Format                       : mixed
Ignore Synthesis Constraint File   : NO

---- Target Parameters
Output File Name                   : "fsm_using_always"
Output Format                      : NGC
Target Device                      : xc3s200-4-ft256

---- Source Options
Top Module Name                    : fsm_using_always
Automatic FSM Extraction           : YES
FSM Encoding Algorithm             : Auto
Safe Implementation                : No
FSM Style                          : LUT
RAM Extraction                     : Yes
RAM Style                          : Auto
ROM Extraction                     : Yes
Mux Style                          : Auto
Decoder Extraction                 : YES
Priority Encoder Extraction        : Yes
Shift Register Extraction          : YES
Logical Shifter Extraction         : YES
XOR Collapsing                     : YES
ROM Style                          : Auto
Mux Extraction                     : Yes
Resource Sharing                   : YES
Asynchronous To Synchronous        : NO
Multiplier Style                   : Auto
Automatic Register Balancing       : No

---- Target Options
Add IO Buffers                     : YES
Global Maximum Fanout              : 500
Add Generic Clock Buffer(BUFG)     : 8
Register Duplication               : YES
Slice Packing                      : YES
Optimize Instantiated Primitives   : NO
Use Clock Enable                   : Yes
Use Synchronous Set                : Yes
Use Synchronous Reset              : Yes
Pack IO Registers into IOBs        : Auto
Equivalent register Removal        : YES

---- General Options
Optimization Goal                  : Speed
Optimization Effort                : 1
Keep Hierarchy                     : No
Netlist Hierarchy                  : As_Optimized
RTL Output                         : Yes
Global Optimization                : AllClockNets
Read Cores                         : YES
Write Timing Constraints           : NO
Cross Clock Analysis               : NO
Hierarchy Separator                : /
Bus Delimiter                      : <>
Case Specifier                     : Maintain
Slice Utilization Ratio            : 100
BRAM Utilization Ratio             : 100
Verilog 2001                       : YES
Auto BRAM Packing                  : NO
Slice Utilization Ratio Delta      : 5

=========================================================================


=========================================================================
*                          HDL Compilation                              *
=========================================================================
Compiling verilog file "fifo3.v" in library work
Module <fsm_using_always> compiled
No errors in compilation
Analysis of file <"fsm_using_always.prj"> succeeded.
 

=========================================================================
*                     Design Hierarchy Analysis                         *
=========================================================================
Analyzing hierarchy for module <fsm_using_always> in library <work> with parameters.
	GNT0 = "010"
	GNT1 = "100"
	IDLE = "001"
	SIZE = "00000000000000000000000000000011"


=========================================================================
*                            HDL Analysis                               *
=========================================================================
Analyzing top module <fsm_using_always>.
	GNT0 = 3'b010
	GNT1 = 3'b100
	IDLE = 3'b001
	SIZE = 32'sb00000000000000000000000000000011
Module <fsm_using_always> is correct for synthesis.
 

=========================================================================
*                           HDL Synthesis                               *
=========================================================================

Performing bidirectional port resolution...

Synthesizing Unit <fsm_using_always>.
    Related source file is "fifo3.v".
    Found finite state machine <FSM_0> for signal <state>.
    -----------------------------------------------------------------------
    | States             | 3                                              |
    | Transitions        | 7                                              |
    | Inputs             | 2                                              |
    | Outputs            | 2                                              |
    | Clock              | clock                     (rising_edge)        |
    | Reset              | reset                     (positive)           |
    | Reset type         | synchronous                                    |
    | Reset State        | 001                                            |
    | Encoding           | automatic                                      |
    | Implementation     | LUT                                            |
    -----------------------------------------------------------------------
    Found 1-bit register for signal <gnt_0>.
    Found 1-bit register for signal <gnt_1>.
    Summary:
	inferred   1 Finite State Machine(s).
	inferred   2 D-type flip-flop(s).
Unit <fsm_using_always> synthesized.


=========================================================================
HDL Synthesis Report

Macro Statistics
# Registers                                            : 2
 1-bit register                                        : 2

=========================================================================

=========================================================================
*                       Advanced HDL Synthesis                          *
=========================================================================

Analyzing FSM <FSM_0> for best encoding.
Optimizing FSM <state/FSM> on signal <state[1:2]> with sequential encoding.
-------------------
 State | Encoding
-------------------
 001   | 00
 010   | 01
 100   | 10
-------------------

=========================================================================
Advanced HDL Synthesis Report

Macro Statistics
# FSMs                                                 : 1
# Registers                                            : 2
 Flip-Flops                                            : 2

=========================================================================

=========================================================================
*                         Low Level Synthesis                           *
=========================================================================

Optimizing unit <fsm_using_always> ...

Mapping all equations...
Building and optimizing final netlist ...
Found area constraint ratio of 100 (+ 5) on block fsm_using_always, actual ratio is 0.

Final Macro Processing ...

=========================================================================
Final Register Report

Macro Statistics
# Registers                                            : 4
 Flip-Flops                                            : 4

=========================================================================

=========================================================================
*                           Partition Report                            *
=========================================================================

Partition Implementation Status
-------------------------------

  No Partitions were found in this design.

-------------------------------

=========================================================================
*                            Final Report                               *
=========================================================================
Final Results
RTL Top Level Output File Name     : fsm_using_always.ngr
Top Level Output File Name         : fsm_using_always
Output Format                      : NGC
Optimization Goal                  : Speed
Keep Hierarchy                     : No

Design Statistics
# IOs                              : 6

Cell Usage :
# BELS                             : 2
#      LUT2                        : 1
#      LUT4                        : 1
# FlipFlops/Latches                : 4
#      FDR                         : 4
# Clock Buffers                    : 1
#      BUFGP                       : 1
# IO Buffers                       : 5
#      IBUF                        : 3
#      OBUF                        : 2
=========================================================================

Device utilization summary:
---------------------------

Selected Device : 3s200ft256-4 

 Number of Slices:                        2  out of   1920     0%  
 Number of Slice Flip Flops:              4  out of   3840     0%  
 Number of 4 input LUTs:                  2  out of   3840     0%  
 Number of IOs:                           6
 Number of bonded IOBs:                   6  out of    173     3%  
 Number of GCLKs:                         1  out of      8    12%  

---------------------------
Partition Resource Summary:
---------------------------

  No Partitions were found in this design.

---------------------------


=========================================================================
TIMING REPORT

NOTE: THESE TIMING NUMBERS ARE ONLY A SYNTHESIS ESTIMATE.
      FOR ACCURATE TIMING INFORMATION PLEASE REFER TO THE TRACE REPORT
      GENERATED AFTER PLACE-and-ROUTE.

Clock Information:
------------------
-----------------------------------+------------------------+-------+
Clock Signal                       | Clock buffer(FF name)  | Load  |
-----------------------------------+------------------------+-------+
clock                              | BUFGP                  | 4     |
-----------------------------------+------------------------+-------+

Asynchronous Control Signals Information:
----------------------------------------
No asynchronous control signals found in this design

Timing Summary:
---------------
Speed Grade: -4

   Minimum period: 2.576ns (Maximum Frequency: 388.199MHz)
   Minimum input arrival time before clock: 2.791ns
   Maximum output required time after clock: 7.165ns
   Maximum combinational path delay: No path found

Timing Detail:
--------------
All values displayed in nanoseconds (ns)

=========================================================================
Timing constraint: Default period analysis for Clock 'clock'
  Clock period: 2.576ns (frequency: 388.199MHz)
  Total number of paths / destination ports: 5 / 4
-------------------------------------------------------------------------
Delay:               2.576ns (Levels of Logic = 1)
  Source:            state_FSM_FFd1 (FF)
  Destination:       state_FSM_FFd2 (FF)
  Source Clock:      clock rising
  Destination Clock: clock rising

  Data Path: state_FSM_FFd1 to state_FSM_FFd2
                                Gate     Net
    Cell:in->out      fanout   Delay   Delay  Logical Name (Net Name)
    ----------------------------------------  ------------
     FDR:C->Q              3   0.720   1.102  state_FSM_FFd1 (state_FSM_FFd1)
     LUT2:I1->O            1   0.551   0.000  state_FSM_FFd2-In1 (state_FSM_FFd2-In)
     FDR:D                     0.203          state_FSM_FFd2
    ----------------------------------------
    Total                      2.576ns (1.474ns logic, 1.102ns route)
                                       (57.2% logic, 42.8% route)

=========================================================================
Timing constraint: Default OFFSET IN BEFORE for Clock 'clock'
  Total number of paths / destination ports: 7 / 6
-------------------------------------------------------------------------
Offset:              2.791ns (Levels of Logic = 2)
  Source:            req_0 (PAD)
  Destination:       state_FSM_FFd2 (FF)
  Destination Clock: clock rising

  Data Path: req_0 to state_FSM_FFd2
                                Gate     Net
    Cell:in->out      fanout   Delay   Delay  Logical Name (Net Name)
    ----------------------------------------  ------------
     IBUF:I->O             2   0.821   1.216  req_0_IBUF (req_0_IBUF)
     LUT2:I0->O            1   0.551   0.000  state_FSM_FFd2-In1 (state_FSM_FFd2-In)
     FDR:D                     0.203          state_FSM_FFd2
    ----------------------------------------
    Total                      2.791ns (1.575ns logic, 1.216ns route)
                                       (56.4% logic, 43.6% route)

=========================================================================
Timing constraint: Default OFFSET OUT AFTER for Clock 'clock'
  Total number of paths / destination ports: 2 / 2
-------------------------------------------------------------------------
Offset:              7.165ns (Levels of Logic = 1)
  Source:            gnt_0 (FF)
  Destination:       gnt_0 (PAD)
  Source Clock:      clock rising

  Data Path: gnt_0 to gnt_0
                                Gate     Net
    Cell:in->out      fanout   Delay   Delay  Logical Name (Net Name)
    ----------------------------------------  ------------
     FDR:C->Q              1   0.720   0.801  gnt_0 (gnt_0_OBUF)
     OBUF:I->O                 5.644          gnt_0_OBUF (gnt_0)
    ----------------------------------------
    Total                      7.165ns (6.364ns logic, 0.801ns route)
                                       (88.8% logic, 11.2% route)

=========================================================================


Total REAL time to Xst completion: 8.00 secs
Total CPU time to Xst completion: 7.45 secs
 
--> 

Total memory usage is 251744 kilobytes

Number of errors   :    0 (   0 filtered)
Number of warnings :    0 (   0 filtered)
Number of infos    :    0 (   0 filtered)

