#-----------------------------------------------------------
# PlanAhead v14.3 (64-bit)
# Build 209282 by xbuild on Thu Oct 18 20:50:53 MDT 2012
# Start of session at: Thu Jun 11 13:17:56 2015
# Process ID: 8404
# Log file: C:/FistState/Projects/FIFObuffer/fifo4/planAhead_run_3/planAhead.log
# Journal file: C:/FistState/Projects/FIFObuffer/fifo4/planAhead_run_3/planAhead.jou
#-----------------------------------------------------------
INFO: [Common 17-78] Attempting to get a license: PlanAhead
INFO: [Common 17-290] Got license for PlanAhead
INFO: [Device 21-36] Loading parts and site information from C:/Xilinx/14.3/ISE_DS/PlanAhead/data/parts/arch.xml
Parsing RTL primitives file [C:/Xilinx/14.3/ISE_DS/PlanAhead/data/parts/xilinx/rtl/prims/rtl_prims.xml]
Finished parsing RTL primitives file [C:/Xilinx/14.3/ISE_DS/PlanAhead/data/parts/xilinx/rtl/prims/rtl_prims.xml]
start_gui
source C:/FistState/Projects/FIFObuffer/fifo4/pa.fromNcd.tcl
# create_project -name fifo4 -dir "C:/FistState/Projects/FIFObuffer/fifo4/planAhead_run_3" -part xc3s200ft256-4
ERROR: [Common 17-53] User Exception: Project already exists on disk, please use '-force' option to overwrite: 
     C:/FistState/Projects/FIFObuffer/fifo4/planAhead_run_3/fifo4.ppr
     C:/FistState/Projects/FIFObuffer/fifo4/planAhead_run_3/fifo4.data

    while executing
"create_project -name fifo4 -dir "C:/FistState/Projects/FIFObuffer/fifo4/planAhead_run_3" -part xc3s200ft256-4"
    (file "C:/FistState/Projects/FIFObuffer/fifo4/pa.fromNcd.tcl" line 4)
exit
INFO: [Common 17-206] Exiting PlanAhead at Thu Jun 11 13:18:35 2015...
INFO: [Common 17-83] Releasing license: PlanAhead
